#
# A fatal error has been detected by the Java Runtime Environment:
#
#  EXCEPTION_ACCESS_VIOLATION (0xc0000005) at pc=0x00007fffbc998a46, pid=1944, tid=14668
#
# JRE version: OpenJDK Runtime Environment Temurin-17.0.8.1+1 (17.0.8.1+1) (build 17.0.8.1+1)
# Java VM: OpenJDK 64-Bit Server VM Temurin-17.0.8.1+1 (17.0.8.1+1, mixed mode, emulated-client, tiered, compressed oops, compressed class ptrs, g1 gc, windows-amd64)
# Problematic frame:
# V  [jvm.dll+0x2d8a46]
#
# No core dump will be written. Minidumps are not enabled by default on client versions of Windows
#
# If you would like to submit a bug report, please visit:
#   https://github.com/adoptium/adoptium-support/issues
#

---------------  S U M M A R Y ------------

Command Line: -Dcom.sun.management.jmxremote -Dcom.sun.management.jmxremote.port=54357 -Dcom.sun.management.jmxremote.authenticate=false -Dcom.sun.management.jmxremote.ssl=false -Djava.rmi.server.hostname=localhost -Dspring.jmx.enabled=true -Dmanagement.endpoints.jmx.exposure.include=* -Dspring.application.admin.enabled=true -XX:TieredStopAtLevel=1 -Dspring.boot.project.name=lp2_20232_sabado_T4RN_grupo_01 -Dfile.encoding=UTF-8 -Dstdout.encoding=UTF-8 -Dstderr.encoding=UTF-8 -XX:+ShowCodeDetailsInExceptionMessages com.centroinformacion.ProyectoDawiApplication --spring.output.ansi.enabled=always

Host: Intel(R) Core(TM) i3-1005G1 CPU @ 1.20GHz, 4 cores, 11G,  Windows 11 , 64 bit Build 22621 (10.0.22621.2215)
Time: Mon Sep 18 17:57:59 2023 Hora est. Pacífico, Sudamérica elapsed time: 0.383450 seconds (0d 0h 0m 0s)

---------------  T H R E A D  ---------------

Current thread (0x000001ff843c1f10):  GCTaskThread "GC Thread#3" [stack: 0x00000076cc200000,0x00000076cc300000] [id=14668]

Stack: [0x00000076cc200000,0x00000076cc300000],  sp=0x00000076cc2ff350,  free space=1020k
Native frames: (J=compiled Java code, j=interpreted, Vv=VM code, C=native code)
V  [jvm.dll+0x2d8a46]
V  [jvm.dll+0x3150cb]
V  [jvm.dll+0x2e3ed5]
V  [jvm.dll+0x2e3db9]
V  [jvm.dll+0x2db09b]
V  [jvm.dll+0x316599]
V  [jvm.dll+0x2e117f]
V  [jvm.dll+0x2e2b7b]
V  [jvm.dll+0x862bbb]
V  [jvm.dll+0x862c06]
V  [jvm.dll+0x7e64ca]
V  [jvm.dll+0x677955]
C  [ucrtbase.dll+0x29363]
C  [KERNEL32.DLL+0x1257d]
C  [ntdll.dll+0x5aa68]


siginfo: EXCEPTION_ACCESS_VIOLATION (0xc0000005), reading address 0x0000000000000050


Register to memory mapping:

RIP=0x00007fffbc998a46 jvm.dll
RAX=0x00007fffbd01c088 jvm.dll
RBX=0x0000000000000040 is an unknown value
RCX=0x000001ffff7fe400 points into unknown readable memory: 0x00007fffbd01c088 | 88 c0 01 bd ff 7f 00 00
RDX=0x00007fffbd063f28 jvm.dll
RSP=0x00000076cc2ff350 points into unknown readable memory: 0x000001ffff818de0 | e0 8d 81 ff ff 01 00 00
RBP=0x000001ffff7d1960 points into unknown readable memory: 0x6b646a5f00000200 | 00 02 00 00 5f 6a 64 6b
RSI=0x0000000000000071 is an unknown value
RDI=0x000001ffff7fe400 points into unknown readable memory: 0x00007fffbd01c088 | 88 c0 01 bd ff 7f 00 00
R8 =0x000001fff346404d is at entry_point+173 in (nmethod*)0x000001fff3463e10
R9 =0x00000000000007ff is an unknown value
R10=0x000001fff3463f86 is at entry_point+-26 in (nmethod*)0x000001fff3463e10
R11=0x0 is NULL
R12=0x0000000000000004 is an unknown value
R13=0x00000076cc2ff550 points into unknown readable memory: 0x00007fffbd01b700 | 00 b7 01 bd ff 7f 00 00
R14=0x0000000000000388 is an unknown value
R15=0x0 is NULL


Registers:
RAX=0x00007fffbd01c088, RBX=0x0000000000000040, RCX=0x000001ffff7fe400, RDX=0x00007fffbd063f28
RSP=0x00000076cc2ff350, RBP=0x000001ffff7d1960, RSI=0x0000000000000071, RDI=0x000001ffff7fe400
R8 =0x000001fff346404d, R9 =0x00000000000007ff, R10=0x000001fff3463f86, R11=0x0000000000000000
R12=0x0000000000000004, R13=0x00000076cc2ff550, R14=0x0000000000000388, R15=0x0000000000000000
RIP=0x00007fffbc998a46, EFLAGS=0x0000000000010202

Top of Stack: (sp=0x00000076cc2ff350)
0x00000076cc2ff350:   000001ffff818de0 0000000019f3ba61
0x00000076cc2ff360:   000000000039045d 0000000019f3bb1b
0x00000076cc2ff370:   00000076cc2ff550 00007fffbc9d50cb
0x00000076cc2ff380:   0000000000000000 0000000000000000
0x00000076cc2ff390:   000001ffefb7a5b0 000001ffff410200
0x00000076cc2ff3a0:   0000000000000003 00007fffbceb4a87
0x00000076cc2ff3b0:   0000000000000000 0000000000000000
0x00000076cc2ff3c0:   00000076cc2f0000 00007fffbcd31f3f
0x00000076cc2ff3d0:   00000076cc2ff470 00007fffbc9be3b2
0x00000076cc2ff3e0:   000001ff843c6390 000000000039045d
0x00000076cc2ff3f0:   0000000019f3bb1b 00000076cc2ff590
0x00000076cc2ff400:   00000076cc2ff5a0 0000000019f2b800
0x00000076cc2ff410:   000000000000005d 0000000000000006
0x00000076cc2ff420:   0000000000000005 00007fffbc9a3ed5
0x00000076cc2ff430:   0000000000000001 0000000000000000
0x00000076cc2ff440:   000001ffefb7a5b0 00007fffbc9baa22 

Instructions: (pc=0x00007fffbc998a46)
0x00007fffbc998946:   85 c0 74 15 66 0f 1f 44 00 00 4c 39 40 10 74 0c
0x00007fffbc998956:   48 8b 40 08 48 85 c0 75 f1 32 c0 c3 b0 01 c3 cc
0x00007fffbc998966:   cc cc cc cc cc cc cc cc cc cc 48 8b 02 48 8b 51
0x00007fffbc998976:   08 48 39 02 77 0a 48 3b 42 08 73 04 c6 41 10 01
0x00007fffbc998986:   c3 cc cc cc cc cc cc cc cc cc 8b 02 4c 8b c1 85
0x00007fffbc998996:   c0 75 04 33 c0 eb 10 8b 0d 55 99 82 00 48 d3 e0
0x00007fffbc9989a6:   48 03 05 43 99 82 00 49 8b 48 08 48 39 01 77 0b
0x00007fffbc9989b6:   48 3b 41 08 73 05 41 c6 40 10 01 c3 cc cc cc cc
0x00007fffbc9989c6:   cc cc cc cc cc cc cc cc cc cc 48 8b 11 48 85 d2
0x00007fffbc9989d6:   74 16 8b 42 14 0f af 42 10 48 63 c8 48 63 02 48
0x00007fffbc9989e6:   83 c0 0e 48 8d 04 c1 c3 b8 10 00 00 00 c3 cc cc
0x00007fffbc9989f6:   cc cc cc cc cc cc cc cc cc cc 48 89 6c 24 20 57
0x00007fffbc998a06:   48 83 ec 20 48 8b 29 48 8b fa 48 85 ed 74 5a 48
0x00007fffbc998a16:   89 74 24 38 33 f6 39 75 00 7e 49 48 89 5c 24 30
0x00007fffbc998a26:   4c 89 74 24 40 44 8b f6 66 90 48 8b 45 08 49 8b
0x00007fffbc998a36:   1c 06 48 85 db 74 18 0f 1f 00 48 8b 07 48 8b cf
0x00007fffbc998a46:   48 8b 53 10 ff 10 48 8b 5b 08 48 85 db 75 eb ff
0x00007fffbc998a56:   c6 49 83 c6 08 3b 75 00 7c d0 4c 8b 74 24 40 48
0x00007fffbc998a66:   8b 5c 24 30 48 8b 74 24 38 48 8b 6c 24 48 48 83
0x00007fffbc998a76:   c4 20 5f c3 cc cc cc cc cc cc 40 55 48 83 ec 20
0x00007fffbc998a86:   48 8b 2d f3 4a 89 00 48 c7 05 e8 4a 89 00 00 00
0x00007fffbc998a96:   00 00 48 85 ed 0f 84 8f 00 00 00 48 89 5c 24 30
0x00007fffbc998aa6:   48 89 74 24 38 48 89 7c 24 40 4c 89 74 24 48 66
0x00007fffbc998ab6:   66 66 0f 1f 84 00 00 00 00 00 48 8b fd 33 f6 48
0x00007fffbc998ac6:   8b 6d 58 39 37 7e 31 45 33 f6 48 8b 47 08 49 8b
0x00007fffbc998ad6:   1c 06 48 85 db 74 17 0f 1f 00 48 8b d3 48 8b cf
0x00007fffbc998ae6:   48 8b 5b 08 e8 71 69 07 00 48 85 db 75 ec ff c6
0x00007fffbc998af6:   49 83 c6 08 3b 37 7c d2 48 8b cf e8 3a 69 07 00
0x00007fffbc998b06:   48 8d 4f 18 e8 a1 13 d3 ff 48 8b cf e8 59 dd dc
0x00007fffbc998b16:   ff 48 85 ed 75 a4 4c 8b 74 24 48 48 8b 7c 24 40
0x00007fffbc998b26:   48 8b 74 24 38 48 8b 5c 24 30 48 83 c4 20 5d c3
0x00007fffbc998b36:   cc cc cc cc cc cc cc cc cc cc 48 89 74 24 10 57 


Stack slot to memory mapping:
stack at sp + 0 slots: 0x000001ffff818de0 points into unknown readable memory: 0x65646f430ca0b26c | 6c b2 a0 0c 43 6f 64 65
stack at sp + 1 slots: 0x0000000019f3ba61 is an unknown value
stack at sp + 2 slots: 0x000000000039045d is an unknown value
stack at sp + 3 slots: 0x0000000019f3bb1b is an unknown value
stack at sp + 4 slots: 0x00000076cc2ff550 points into unknown readable memory: 0x00007fffbd01b700 | 00 b7 01 bd ff 7f 00 00
stack at sp + 5 slots: 0x00007fffbc9d50cb jvm.dll
stack at sp + 6 slots: 0x0 is NULL
stack at sp + 7 slots: 0x0 is NULL


---------------  P R O C E S S  ---------------

Threads class SMR info:
_java_thread_list=0x000001ffff7c6970, length=13, elements={
0x000001ffefb66c50, 0x000001ffff602010, 0x000001ffff6028e0, 0x000001ffff5ce710,
0x000001ffff623400, 0x000001ffff624470, 0x000001ffff6254e0, 0x000001ffff627fd0,
0x000001ffff62b340, 0x000001ffff68b420, 0x000001ffff72fba0, 0x000001ffff7bb870,
0x000001ffff7f9d10
}

Java Threads: ( => current thread )
  0x000001ffefb66c50 JavaThread "main" [_thread_blocked, id=4024, stack(0x00000076cad00000,0x00000076cae00000)]
  0x000001ffff602010 JavaThread "Reference Handler" daemon [_thread_blocked, id=5840, stack(0x00000076cb400000,0x00000076cb500000)]
  0x000001ffff6028e0 JavaThread "Finalizer" daemon [_thread_blocked, id=2876, stack(0x00000076cb500000,0x00000076cb600000)]
  0x000001ffff5ce710 JavaThread "Signal Dispatcher" daemon [_thread_blocked, id=3804, stack(0x00000076cb600000,0x00000076cb700000)]
  0x000001ffff623400 JavaThread "Attach Listener" daemon [_thread_blocked, id=15116, stack(0x00000076cb700000,0x00000076cb800000)]
  0x000001ffff624470 JavaThread "Service Thread" daemon [_thread_blocked, id=9604, stack(0x00000076cb800000,0x00000076cb900000)]
  0x000001ffff6254e0 JavaThread "Monitor Deflation Thread" daemon [_thread_blocked, id=12036, stack(0x00000076cb900000,0x00000076cba00000)]
  0x000001ffff627fd0 JavaThread "C1 CompilerThread0" daemon [_thread_blocked, id=13576, stack(0x00000076cba00000,0x00000076cbb00000)]
  0x000001ffff62b340 JavaThread "Sweeper thread" daemon [_thread_blocked, id=13316, stack(0x00000076cbb00000,0x00000076cbc00000)]
  0x000001ffff68b420 JavaThread "Common-Cleaner" daemon [_thread_blocked, id=1628, stack(0x00000076cbc00000,0x00000076cbd00000)]
  0x000001ffff72fba0 JavaThread "C1 CompilerThread1" daemon [_thread_blocked, id=11976, stack(0x00000076cbd00000,0x00000076cbe00000)]
  0x000001ffff7bb870 JavaThread "C1 CompilerThread2" daemon [_thread_blocked, id=3900, stack(0x00000076cbe00000,0x00000076cbf00000)]
  0x000001ffff7f9d10 JavaThread "Notification Thread" daemon [_thread_blocked, id=9016, stack(0x00000076cbf00000,0x00000076cc000000)]

Other Threads:
  0x000001ffff5efe10 VMThread "VM Thread" [stack: 0x00000076cb300000,0x00000076cb400000] [id=11948]
  0x000001ffefbbf620 GCTaskThread "GC Thread#0" [stack: 0x00000076cae00000,0x00000076caf00000] [id=3904]
  0x000001ff843ba800 GCTaskThread "GC Thread#1" [stack: 0x00000076cc000000,0x00000076cc100000] [id=10080]
  0x000001ff843baac0 GCTaskThread "GC Thread#2" [stack: 0x00000076cc100000,0x00000076cc200000] [id=3472]
=>0x000001ff843c1f10 GCTaskThread "GC Thread#3" [stack: 0x00000076cc200000,0x00000076cc300000] [id=14668]
  0x000001ffefbcbf10 ConcurrentGCThread "G1 Main Marker" [stack: 0x00000076caf00000,0x00000076cb000000] [id=1948]
  0x000001ffefbcce60 ConcurrentGCThread "G1 Conc#0" [stack: 0x00000076cb000000,0x00000076cb100000] [id=7372]
  0x000001ffff4324c0 ConcurrentGCThread "G1 Refine#0" [stack: 0x00000076cb100000,0x00000076cb200000] [id=13348]
  0x000001ffff433bb0 ConcurrentGCThread "G1 Service" [stack: 0x00000076cb200000,0x00000076cb300000] [id=11416]

Threads with active compile tasks:

VM state: at safepoint (normal execution)

VM Mutex/Monitor currently owned by a thread:  ([mutex/lock_event])
[0x000001ffefb61910] Threads_lock - owner thread: 0x000001ffff5efe10
[0x000001ffefb61d00] Heap_lock - owner thread: 0x000001ffefb66c50

Heap address: 0x0000000744000000, size: 3008 MB, Compressed Oops mode: Zero based, Oop shift amount: 3

CDS archive(s) not mapped
Compressed class space mapped at: 0x0000000800000000-0x0000000840000000, reserved size: 1073741824
Narrow klass base: 0x0000000800000000, Narrow klass shift: 0, Narrow klass range: 0x40000000

GC Precious Log:
 CPUs: 4 total, 4 available
 Memory: 12030M
 Large Page Support: Disabled
 NUMA Support: Disabled
 Compressed Oops: Enabled (Zero based)
 Heap Region Size: 2M
 Heap Min Capacity: 8M
 Heap Initial Capacity: 188M
 Heap Max Capacity: 3008M
 Pre-touch: Disabled
 Parallel Workers: 4
 Concurrent Workers: 1
 Concurrent Refinement Workers: 4
 Periodic GC: Disabled

Heap:
 garbage-first heap   total 192512K, used 12288K [0x0000000744000000, 0x0000000800000000)
  region size 2048K, 7 young (14336K), 1 survivors (2048K)
 Metaspace       used 8818K, committed 9024K, reserved 1114112K
  class space    used 844K, committed 960K, reserved 1048576K

Heap Regions: E=young(eden), S=young(survivor), O=old, HS=humongous(starts), HC=humongous(continues), CS=collection set, F=free, OA=open archive, CA=closed archive, TAMS=top-at-mark-start (previous, next)
|   0|0x0000000744000000, 0x0000000744200000, 0x0000000744200000|100%| O|  |TAMS 0x0000000744000000, 0x0000000744000000| Untracked 
|   1|0x0000000744200000, 0x0000000744400000, 0x0000000744400000|100%| O|  |TAMS 0x0000000744200000, 0x0000000744200000| Untracked 
|   2|0x0000000744400000, 0x00000007444c8fe0, 0x0000000744600000| 39%| O|  |TAMS 0x0000000744400000, 0x0000000744400000| Untracked 
|   3|0x0000000744600000, 0x0000000744600000, 0x0000000744800000|  0%| F|  |TAMS 0x0000000744600000, 0x0000000744600000| Untracked 
|   4|0x0000000744800000, 0x0000000744800000, 0x0000000744a00000|  0%| F|  |TAMS 0x0000000744800000, 0x0000000744800000| Untracked 
|   5|0x0000000744a00000, 0x0000000744a00000, 0x0000000744c00000|  0%| F|  |TAMS 0x0000000744a00000, 0x0000000744a00000| Untracked 
|   6|0x0000000744c00000, 0x0000000744c00000, 0x0000000744e00000|  0%| F|  |TAMS 0x0000000744c00000, 0x0000000744c00000| Untracked 
|   7|0x0000000744e00000, 0x0000000744e00000, 0x0000000745000000|  0%| F|  |TAMS 0x0000000744e00000, 0x0000000744e00000| Untracked 
|   8|0x0000000745000000, 0x0000000745000000, 0x0000000745200000|  0%| F|  |TAMS 0x0000000745000000, 0x0000000745000000| Untracked 
|   9|0x0000000745200000, 0x0000000745200000, 0x0000000745400000|  0%| F|  |TAMS 0x0000000745200000, 0x0000000745200000| Untracked 
|  10|0x0000000745400000, 0x0000000745400000, 0x0000000745600000|  0%| F|  |TAMS 0x0000000745400000, 0x0000000745400000| Untracked 
|  11|0x0000000745600000, 0x0000000745600000, 0x0000000745800000|  0%| F|  |TAMS 0x0000000745600000, 0x0000000745600000| Untracked 
|  12|0x0000000745800000, 0x0000000745800000, 0x0000000745a00000|  0%| F|  |TAMS 0x0000000745800000, 0x0000000745800000| Untracked 
|  13|0x0000000745a00000, 0x0000000745a00000, 0x0000000745c00000|  0%| F|  |TAMS 0x0000000745a00000, 0x0000000745a00000| Untracked 
|  14|0x0000000745c00000, 0x0000000745c00000, 0x0000000745e00000|  0%| F|  |TAMS 0x0000000745c00000, 0x0000000745c00000| Untracked 
|  15|0x0000000745e00000, 0x0000000745e00000, 0x0000000746000000|  0%| F|  |TAMS 0x0000000745e00000, 0x0000000745e00000| Untracked 
|  16|0x0000000746000000, 0x0000000746000000, 0x0000000746200000|  0%| F|  |TAMS 0x0000000746000000, 0x0000000746000000| Untracked 
|  17|0x0000000746200000, 0x0000000746200000, 0x0000000746400000|  0%| F|  |TAMS 0x0000000746200000, 0x0000000746200000| Untracked 
|  18|0x0000000746400000, 0x0000000746400000, 0x0000000746600000|  0%| F|  |TAMS 0x0000000746400000, 0x0000000746400000| Untracked 
|  19|0x0000000746600000, 0x0000000746600000, 0x0000000746800000|  0%| F|  |TAMS 0x0000000746600000, 0x0000000746600000| Untracked 
|  20|0x0000000746800000, 0x0000000746800000, 0x0000000746a00000|  0%| F|  |TAMS 0x0000000746800000, 0x0000000746800000| Untracked 
|  21|0x0000000746a00000, 0x0000000746a00000, 0x0000000746c00000|  0%| F|  |TAMS 0x0000000746a00000, 0x0000000746a00000| Untracked 
|  22|0x0000000746c00000, 0x0000000746c00000, 0x0000000746e00000|  0%| F|  |TAMS 0x0000000746c00000, 0x0000000746c00000| Untracked 
|  23|0x0000000746e00000, 0x0000000746e00000, 0x0000000747000000|  0%| F|  |TAMS 0x0000000746e00000, 0x0000000746e00000| Untracked 
|  24|0x0000000747000000, 0x0000000747000000, 0x0000000747200000|  0%| F|  |TAMS 0x0000000747000000, 0x0000000747000000| Untracked 
|  25|0x0000000747200000, 0x0000000747200000, 0x0000000747400000|  0%| F|  |TAMS 0x0000000747200000, 0x0000000747200000| Untracked 
|  26|0x0000000747400000, 0x0000000747400000, 0x0000000747600000|  0%| F|  |TAMS 0x0000000747400000, 0x0000000747400000| Untracked 
|  27|0x0000000747600000, 0x0000000747600000, 0x0000000747800000|  0%| F|  |TAMS 0x0000000747600000, 0x0000000747600000| Untracked 
|  28|0x0000000747800000, 0x0000000747800000, 0x0000000747a00000|  0%| F|  |TAMS 0x0000000747800000, 0x0000000747800000| Untracked 
|  29|0x0000000747a00000, 0x0000000747a00000, 0x0000000747c00000|  0%| F|  |TAMS 0x0000000747a00000, 0x0000000747a00000| Untracked 
|  30|0x0000000747c00000, 0x0000000747c00000, 0x0000000747e00000|  0%| F|  |TAMS 0x0000000747c00000, 0x0000000747c00000| Untracked 
|  31|0x0000000747e00000, 0x0000000747e00000, 0x0000000748000000|  0%| F|  |TAMS 0x0000000747e00000, 0x0000000747e00000| Untracked 
|  32|0x0000000748000000, 0x0000000748000000, 0x0000000748200000|  0%| F|  |TAMS 0x0000000748000000, 0x0000000748000000| Untracked 
|  33|0x0000000748200000, 0x0000000748200000, 0x0000000748400000|  0%| F|  |TAMS 0x0000000748200000, 0x0000000748200000| Untracked 
|  34|0x0000000748400000, 0x0000000748400000, 0x0000000748600000|  0%| F|  |TAMS 0x0000000748400000, 0x0000000748400000| Untracked 
|  35|0x0000000748600000, 0x0000000748600000, 0x0000000748800000|  0%| F|  |TAMS 0x0000000748600000, 0x0000000748600000| Untracked 
|  36|0x0000000748800000, 0x0000000748800000, 0x0000000748a00000|  0%| F|  |TAMS 0x0000000748800000, 0x0000000748800000| Untracked 
|  37|0x0000000748a00000, 0x0000000748a00000, 0x0000000748c00000|  0%| F|  |TAMS 0x0000000748a00000, 0x0000000748a00000| Untracked 
|  38|0x0000000748c00000, 0x0000000748c00000, 0x0000000748e00000|  0%| F|  |TAMS 0x0000000748c00000, 0x0000000748c00000| Untracked 
|  39|0x0000000748e00000, 0x0000000748e00000, 0x0000000749000000|  0%| F|  |TAMS 0x0000000748e00000, 0x0000000748e00000| Untracked 
|  40|0x0000000749000000, 0x0000000749000000, 0x0000000749200000|  0%| F|  |TAMS 0x0000000749000000, 0x0000000749000000| Untracked 
|  41|0x0000000749200000, 0x0000000749200000, 0x0000000749400000|  0%| F|  |TAMS 0x0000000749200000, 0x0000000749200000| Untracked 
|  42|0x0000000749400000, 0x0000000749400000, 0x0000000749600000|  0%| F|  |TAMS 0x0000000749400000, 0x0000000749400000| Untracked 
|  43|0x0000000749600000, 0x0000000749600000, 0x0000000749800000|  0%| F|  |TAMS 0x0000000749600000, 0x0000000749600000| Untracked 
|  44|0x0000000749800000, 0x0000000749800000, 0x0000000749a00000|  0%| F|  |TAMS 0x0000000749800000, 0x0000000749800000| Untracked 
|  45|0x0000000749a00000, 0x0000000749a00000, 0x0000000749c00000|  0%| F|  |TAMS 0x0000000749a00000, 0x0000000749a00000| Untracked 
|  46|0x0000000749c00000, 0x0000000749c00000, 0x0000000749e00000|  0%| F|  |TAMS 0x0000000749c00000, 0x0000000749c00000| Untracked 
|  47|0x0000000749e00000, 0x0000000749e00000, 0x000000074a000000|  0%| F|  |TAMS 0x0000000749e00000, 0x0000000749e00000| Untracked 
|  48|0x000000074a000000, 0x000000074a000000, 0x000000074a200000|  0%| F|  |TAMS 0x000000074a000000, 0x000000074a000000| Untracked 
|  49|0x000000074a200000, 0x000000074a200000, 0x000000074a400000|  0%| F|  |TAMS 0x000000074a200000, 0x000000074a200000| Untracked 
|  50|0x000000074a400000, 0x000000074a400000, 0x000000074a600000|  0%| F|  |TAMS 0x000000074a400000, 0x000000074a400000| Untracked 
|  51|0x000000074a600000, 0x000000074a600000, 0x000000074a800000|  0%| F|  |TAMS 0x000000074a600000, 0x000000074a600000| Untracked 
|  52|0x000000074a800000, 0x000000074a800000, 0x000000074aa00000|  0%| F|  |TAMS 0x000000074a800000, 0x000000074a800000| Untracked 
|  53|0x000000074aa00000, 0x000000074aa00000, 0x000000074ac00000|  0%| F|  |TAMS 0x000000074aa00000, 0x000000074aa00000| Untracked 
|  54|0x000000074ac00000, 0x000000074ac00000, 0x000000074ae00000|  0%| F|  |TAMS 0x000000074ac00000, 0x000000074ac00000| Untracked 
|  55|0x000000074ae00000, 0x000000074ae00000, 0x000000074b000000|  0%| F|  |TAMS 0x000000074ae00000, 0x000000074ae00000| Untracked 
|  56|0x000000074b000000, 0x000000074b000000, 0x000000074b200000|  0%| F|  |TAMS 0x000000074b000000, 0x000000074b000000| Untracked 
|  57|0x000000074b200000, 0x000000074b200000, 0x000000074b400000|  0%| F|  |TAMS 0x000000074b200000, 0x000000074b200000| Untracked 
|  58|0x000000074b400000, 0x000000074b400000, 0x000000074b600000|  0%| F|  |TAMS 0x000000074b400000, 0x000000074b400000| Untracked 
|  59|0x000000074b600000, 0x000000074b600000, 0x000000074b800000|  0%| F|  |TAMS 0x000000074b600000, 0x000000074b600000| Untracked 
|  60|0x000000074b800000, 0x000000074b800000, 0x000000074ba00000|  0%| F|  |TAMS 0x000000074b800000, 0x000000074b800000| Untracked 
|  61|0x000000074ba00000, 0x000000074ba00000, 0x000000074bc00000|  0%| F|  |TAMS 0x000000074ba00000, 0x000000074ba00000| Untracked 
|  62|0x000000074bc00000, 0x000000074bc00000, 0x000000074be00000|  0%| F|  |TAMS 0x000000074bc00000, 0x000000074bc00000| Untracked 
|  63|0x000000074be00000, 0x000000074be00000, 0x000000074c000000|  0%| F|  |TAMS 0x000000074be00000, 0x000000074be00000| Untracked 
|  64|0x000000074c000000, 0x000000074c000000, 0x000000074c200000|  0%| F|  |TAMS 0x000000074c000000, 0x000000074c000000| Untracked 
|  65|0x000000074c200000, 0x000000074c200000, 0x000000074c400000|  0%| F|  |TAMS 0x000000074c200000, 0x000000074c200000| Untracked 
|  66|0x000000074c400000, 0x000000074c400000, 0x000000074c600000|  0%| F|  |TAMS 0x000000074c400000, 0x000000074c400000| Untracked 
|  67|0x000000074c600000, 0x000000074c600000, 0x000000074c800000|  0%| F|  |TAMS 0x000000074c600000, 0x000000074c600000| Untracked 
|  68|0x000000074c800000, 0x000000074c800000, 0x000000074ca00000|  0%| F|  |TAMS 0x000000074c800000, 0x000000074c800000| Untracked 
|  69|0x000000074ca00000, 0x000000074ca00000, 0x000000074cc00000|  0%| F|  |TAMS 0x000000074ca00000, 0x000000074ca00000| Untracked 
|  70|0x000000074cc00000, 0x000000074cc00000, 0x000000074ce00000|  0%| F|  |TAMS 0x000000074cc00000, 0x000000074cc00000| Untracked 
|  71|0x000000074ce00000, 0x000000074ce00000, 0x000000074d000000|  0%| F|  |TAMS 0x000000074ce00000, 0x000000074ce00000| Untracked 
|  72|0x000000074d000000, 0x000000074d000000, 0x000000074d200000|  0%| F|  |TAMS 0x000000074d000000, 0x000000074d000000| Untracked 
|  73|0x000000074d200000, 0x000000074d200000, 0x000000074d400000|  0%| F|  |TAMS 0x000000074d200000, 0x000000074d200000| Untracked 
|  74|0x000000074d400000, 0x000000074d400000, 0x000000074d600000|  0%| F|  |TAMS 0x000000074d400000, 0x000000074d400000| Untracked 
|  75|0x000000074d600000, 0x000000074d600000, 0x000000074d800000|  0%| F|  |TAMS 0x000000074d600000, 0x000000074d600000| Untracked 
|  76|0x000000074d800000, 0x000000074d800000, 0x000000074da00000|  0%| F|  |TAMS 0x000000074d800000, 0x000000074d800000| Untracked 
|  77|0x000000074da00000, 0x000000074da00000, 0x000000074dc00000|  0%| F|  |TAMS 0x000000074da00000, 0x000000074da00000| Untracked 
|  78|0x000000074dc00000, 0x000000074dc00000, 0x000000074de00000|  0%| F|  |TAMS 0x000000074dc00000, 0x000000074dc00000| Untracked 
|  79|0x000000074de00000, 0x000000074de00000, 0x000000074e000000|  0%| F|  |TAMS 0x000000074de00000, 0x000000074de00000| Untracked 
|  80|0x000000074e000000, 0x000000074e000000, 0x000000074e200000|  0%| F|  |TAMS 0x000000074e000000, 0x000000074e000000| Untracked 
|  81|0x000000074e200000, 0x000000074e200000, 0x000000074e400000|  0%| F|  |TAMS 0x000000074e200000, 0x000000074e200000| Untracked 
|  82|0x000000074e400000, 0x000000074e400000, 0x000000074e600000|  0%| F|  |TAMS 0x000000074e400000, 0x000000074e400000| Untracked 
|  83|0x000000074e600000, 0x000000074e600000, 0x000000074e800000|  0%| F|  |TAMS 0x000000074e600000, 0x000000074e600000| Untracked 
|  84|0x000000074e800000, 0x000000074e800000, 0x000000074ea00000|  0%| F|  |TAMS 0x000000074e800000, 0x000000074e800000| Untracked 
|  85|0x000000074ea00000, 0x000000074ea00000, 0x000000074ec00000|  0%| F|  |TAMS 0x000000074ea00000, 0x000000074ea00000| Untracked 
|  86|0x000000074ec00000, 0x000000074ec00000, 0x000000074ee00000|  0%| F|  |TAMS 0x000000074ec00000, 0x000000074ec00000| Untracked 
|  87|0x000000074ee00000, 0x000000074f000000, 0x000000074f000000|100%| S|  |TAMS 0x000000074ee00000, 0x000000074ee00000| Complete 
|  88|0x000000074f000000, 0x000000074f200000, 0x000000074f200000|100%| E|CS|TAMS 0x000000074f000000, 0x000000074f000000| Complete 
|  89|0x000000074f200000, 0x000000074f400000, 0x000000074f400000|100%| E|CS|TAMS 0x000000074f200000, 0x000000074f200000| Complete 
|  90|0x000000074f400000, 0x000000074f600000, 0x000000074f600000|100%| E|CS|TAMS 0x000000074f400000, 0x000000074f400000| Complete 
|  91|0x000000074f600000, 0x000000074f800000, 0x000000074f800000|100%| E|CS|TAMS 0x000000074f600000, 0x000000074f600000| Complete 
|  92|0x000000074f800000, 0x000000074fa00000, 0x000000074fa00000|100%| E|CS|TAMS 0x000000074f800000, 0x000000074f800000| Complete 
|  93|0x000000074fa00000, 0x000000074fc00000, 0x000000074fc00000|100%| E|CS|TAMS 0x000000074fa00000, 0x000000074fa00000| Complete 

Card table byte_map: [0x000001fff67f0000,0x000001fff6dd0000] _byte_map_base: 0x000001fff2dd0000

Marking Bits (Prev, Next): (CMBitMap*) 0x000001ffefbbf9e0, (CMBitMap*) 0x000001ffefbbfa20
 Prev Bits: [0x000001fff73b0000, 0x000001fffa2b0000)
 Next Bits: [0x000001fffa2b0000, 0x000001fffd1b0000)

Polling page: 0x000001ffef310000

Metaspace:

Usage:
  Non-class:      7.79 MB used.
      Class:    844.36 KB used.
       Both:      8.61 MB used.

Virtual space:
  Non-class space:       64.00 MB reserved,       7.88 MB ( 12%) committed,  1 nodes.
      Class space:        1.00 GB reserved,     960.00 KB ( <1%) committed,  1 nodes.
             Both:        1.06 GB reserved,       8.81 MB ( <1%) committed. 

Chunk freelists:
   Non-Class:  8.07 MB
       Class:  15.10 MB
        Both:  23.17 MB

MaxMetaspaceSize: unlimited
CompressedClassSpaceSize: 1.00 GB
Initial GC threshold: 21.00 MB
Current GC threshold: 21.00 MB
CDS: off
MetaspaceReclaimPolicy: balanced
 - commit_granule_bytes: 65536.
 - commit_granule_words: 8192.
 - virtual_space_node_default_size: 8388608.
 - enlarge_chunks_in_place: 1.
 - new_chunks_are_fully_committed: 0.
 - uncommit_free_chunks: 1.
 - use_allocation_guard: 0.
 - handle_deallocations: 1.


Internal statistics:

num_allocs_failed_limit: 0.
num_arena_births: 58.
num_arena_deaths: 0.
num_vsnodes_births: 2.
num_vsnodes_deaths: 0.
num_space_committed: 141.
num_space_uncommitted: 0.
num_chunks_returned_to_freelist: 0.
num_chunks_taken_from_freelist: 81.
num_chunk_merges: 0.
num_chunk_splits: 47.
num_chunks_enlarged: 28.
num_inconsistent_stats: 0.

CodeCache: size=49152Kb used=3048Kb max_used=3048Kb free=46103Kb
 bounds [0x000001fff3210000, 0x000001fff3510000, 0x000001fff6210000]
 total_blobs=1025 nmethods=641 adapters=310
 compilation: enabled
              stopped_count=0, restarted_count=0
 full_count=0

Compilation events (20 events):
Event: 0.369 Thread 0x000001ffff7bb870  633       1       java.lang.reflect.ReflectAccess::copyMethod (5 bytes)
Event: 0.369 Thread 0x000001ffff7bb870 nmethod 633 0x000001fff3507010 code [0x000001fff35071a0, 0x000001fff3507288]
Event: 0.369 Thread 0x000001ffff72fba0 nmethod 632 0x000001fff3507310 code [0x000001fff35074a0, 0x000001fff35075c8]
Event: 0.369 Thread 0x000001ffff72fba0  635       1       java.lang.reflect.Method::<init> (68 bytes)
Event: 0.369 Thread 0x000001ffff7bb870  636       1       java.lang.Class::reflectionData (43 bytes)
Event: 0.369 Thread 0x000001ffff627fd0 nmethod 634 0x000001fff3507710 code [0x000001fff35078c0, 0x000001fff3507c38]
Event: 0.369 Thread 0x000001ffff627fd0  637       1       java.util.IdentityHashMap::maskNull (12 bytes)
Event: 0.369 Thread 0x000001ffff72fba0 nmethod 635 0x000001fff3507d10 code [0x000001fff3507ec0, 0x000001fff3508338]
Event: 0.369 Thread 0x000001ffff7bb870 nmethod 636 0x000001fff3508390 code [0x000001fff3508540, 0x000001fff3508708]
Event: 0.369 Thread 0x000001ffff72fba0  638       1       java.util.IdentityHashMap::hash (18 bytes)
Event: 0.369 Thread 0x000001ffff627fd0 nmethod 637 0x000001fff3508810 code [0x000001fff35089a0, 0x000001fff3508a58]
Event: 0.369 Thread 0x000001ffff72fba0 nmethod 638 0x000001fff3508b10 code [0x000001fff3508ca0, 0x000001fff3508d88]
Event: 0.370 Thread 0x000001ffff7bb870  640       1       java.lang.reflect.Method::getRoot (5 bytes)
Event: 0.370 Thread 0x000001ffff72fba0  639       1       javax.management.MBeanFeatureInfo::getName (5 bytes)
Event: 0.370 Thread 0x000001ffff7bb870 nmethod 640 0x000001fff3508e10 code [0x000001fff3508fa0, 0x000001fff3509078]
Event: 0.370 Thread 0x000001ffff72fba0 nmethod 639 0x000001fff3509110 code [0x000001fff35092a0, 0x000001fff3509378]
Event: 0.370 Thread 0x000001ffff627fd0  641       1       javax.management.StandardMBean::equal (23 bytes)
Event: 0.370 Thread 0x000001ffff627fd0 nmethod 641 0x000001fff3509410 code [0x000001fff35095c0, 0x000001fff3509708]
Event: 0.371 Thread 0x000001ffff72fba0  642       1       java.util.concurrent.ConcurrentHashMap$BaseIterator::hasNext (13 bytes)
Event: 0.371 Thread 0x000001ffff72fba0 nmethod 642 0x000001fff3509790 code [0x000001fff3509920, 0x000001fff35099f8]

GC Heap History (1 events):
Event: 0.373 GC heap before
{Heap before GC invocations=0 (full 0):
 garbage-first heap   total 192512K, used 10240K [0x0000000744000000, 0x0000000800000000)
  region size 2048K, 6 young (12288K), 0 survivors (0K)
 Metaspace       used 8818K, committed 9024K, reserved 1114112K
  class space    used 844K, committed 960K, reserved 1048576K
}

Dll operation events (7 events):
Event: 0.007 Loaded shared library C:\Documentos\Cibertec\2023-2\LPII\LPII\sts-4.20.0.RELEASE\plugins\org.eclipse.justj.openjdk.hotspot.jre.full.win32.x86_64_17.0.8.v20230831-1047\jre\bin\java.dll
Event: 0.181 Loaded shared library C:\Documentos\Cibertec\2023-2\LPII\LPII\sts-4.20.0.RELEASE\plugins\org.eclipse.justj.openjdk.hotspot.jre.full.win32.x86_64_17.0.8.v20230831-1047\jre\bin\jimage.dll
Event: 0.196 Loaded shared library C:\Documentos\Cibertec\2023-2\LPII\LPII\sts-4.20.0.RELEASE\plugins\org.eclipse.justj.openjdk.hotspot.jre.full.win32.x86_64_17.0.8.v20230831-1047\jre\bin\net.dll
Event: 0.197 Loaded shared library C:\Documentos\Cibertec\2023-2\LPII\LPII\sts-4.20.0.RELEASE\plugins\org.eclipse.justj.openjdk.hotspot.jre.full.win32.x86_64_17.0.8.v20230831-1047\jre\bin\nio.dll
Event: 0.202 Loaded shared library C:\Documentos\Cibertec\2023-2\LPII\LPII\sts-4.20.0.RELEASE\plugins\org.eclipse.justj.openjdk.hotspot.jre.full.win32.x86_64_17.0.8.v20230831-1047\jre\bin\zip.dll
Event: 0.275 Loaded shared library C:\Documentos\Cibertec\2023-2\LPII\LPII\sts-4.20.0.RELEASE\plugins\org.eclipse.justj.openjdk.hotspot.jre.full.win32.x86_64_17.0.8.v20230831-1047\jre\bin\management.dll
Event: 0.289 Loaded shared library C:\Documentos\Cibertec\2023-2\LPII\LPII\sts-4.20.0.RELEASE\plugins\org.eclipse.justj.openjdk.hotspot.jre.full.win32.x86_64_17.0.8.v20230831-1047\jre\bin\management_ext.dll

Deoptimization events (0 events):
No events

Classes unloaded (0 events):
No events

Classes redefined (0 events):
No events

Internal exceptions (5 events):
Event: 0.273 Thread 0x000001ffefb66c50 Exception <a 'java/lang/NoSuchMethodError'{0x000000074f07fa68}: 'java.lang.Object java.lang.invoke.DirectMethodHandle$Holder.invokeStaticInit(java.lang.Object)'> (0x000000074f07fa68) 
thrown [s\src\hotspot\share\interpreter\linkResolver.cpp, line 759]
Event: 0.294 Thread 0x000001ffefb66c50 Exception <a 'java/lang/NoSuchMethodError'{0x000000074f09a898}: 'int java.lang.invoke.DirectMethodHandle$Holder.invokeInterface(java.lang.Object, java.lang.Object)'> (0x000000074f09a898) 
thrown [s\src\hotspot\share\interpreter\linkResolver.cpp, line 759]
Event: 0.294 Thread 0x000001ffefb66c50 Exception <a 'java/lang/IncompatibleClassChangeError'{0x000000074f09de98}: Found class java.lang.Object, but interface was expected> (0x000000074f09de98) 
thrown [s\src\hotspot\share\interpreter\linkResolver.cpp, line 826]
Event: 0.295 Thread 0x000001ffefb66c50 Exception <a 'java/lang/NoSuchMethodError'{0x000000074f0a3a48}: 'void java.lang.invoke.DirectMethodHandle$Holder.invokeStatic(java.lang.Object, java.lang.Object)'> (0x000000074f0a3a48) 
thrown [s\src\hotspot\share\interpreter\linkResolver.cpp, line 759]
Event: 0.344 Thread 0x000001ffefb66c50 Exception <a 'java/lang/NoSuchMethodError'{0x000000074f171a08}: 'int java.lang.invoke.DirectMethodHandle$Holder.invokeSpecial(java.lang.Object, java.lang.Object, java.lang.Object)'> (0x000000074f171a08) 
thrown [s\src\hotspot\share\interpreter\linkResolver.cpp, line 759]

VM Operations (7 events):
Event: 0.161 Executing VM operation: HandshakeAllThreads
Event: 0.161 Executing VM operation: HandshakeAllThreads done
Event: 0.298 Executing VM operation: HandshakeAllThreads
Event: 0.298 Executing VM operation: HandshakeAllThreads done
Event: 0.299 Executing VM operation: HandshakeAllThreads
Event: 0.299 Executing VM operation: HandshakeAllThreads done
Event: 0.373 Executing VM operation: G1CollectForAllocation

Events (20 events):
Event: 0.370 loading class com/sun/management/internal/DiagnosticCommandImpl$OperationInfoComparator
Event: 0.370 loading class com/sun/management/internal/DiagnosticCommandImpl$OperationInfoComparator done
Event: 0.371 loading class com/sun/management/internal/DiagnosticCommandInfo
Event: 0.371 loading class com/sun/management/internal/DiagnosticCommandInfo done
Event: 0.371 loading class com/sun/management/internal/DiagnosticCommandArgumentInfo
Event: 0.371 loading class com/sun/management/internal/DiagnosticCommandArgumentInfo done
Event: 0.371 loading class jdk/jfr/internal/dcmd/DCmdStop
Event: 0.371 loading class jdk/jfr/internal/dcmd/AbstractDCmd
Event: 0.371 loading class jdk/jfr/internal/dcmd/AbstractDCmd done
Event: 0.371 loading class jdk/jfr/internal/dcmd/DCmdStop done
Event: 0.371 loading class jdk/jfr/internal/dcmd/Argument
Event: 0.371 loading class jdk/jfr/internal/dcmd/Argument done
Event: 0.371 loading class jdk/jfr/internal/dcmd/DCmdStart
Event: 0.371 loading class jdk/jfr/internal/dcmd/DCmdStart done
Event: 0.372 loading class jdk/jfr/internal/dcmd/DCmdDump
Event: 0.372 loading class jdk/jfr/internal/dcmd/DCmdDump done
Event: 0.372 loading class jdk/jfr/internal/dcmd/DCmdCheck
Event: 0.372 loading class jdk/jfr/internal/dcmd/DCmdCheck done
Event: 0.372 loading class com/sun/management/internal/DiagnosticCommandImpl$Wrapper
Event: 0.372 loading class com/sun/management/internal/DiagnosticCommandImpl$Wrapper done


Dynamic libraries:
0x00007ff735410000 - 0x00007ff73541e000 	C:\Documentos\Cibertec\2023-2\LPII\LPII\sts-4.20.0.RELEASE\plugins\org.eclipse.justj.openjdk.hotspot.jre.full.win32.x86_64_17.0.8.v20230831-1047\jre\bin\javaw.exe
0x00007ff80d410000 - 0x00007ff80d624000 	C:\Windows\SYSTEM32\ntdll.dll
0x00007ff80be70000 - 0x00007ff80bf34000 	C:\Windows\System32\KERNEL32.DLL
0x00007ff80adf0000 - 0x00007ff80b194000 	C:\Windows\System32\KERNELBASE.dll
0x00007ff80a830000 - 0x00007ff80a941000 	C:\Windows\System32\ucrtbase.dll
0x00007ffff6d70000 - 0x00007ffff6d89000 	C:\Documentos\Cibertec\2023-2\LPII\LPII\sts-4.20.0.RELEASE\plugins\org.eclipse.justj.openjdk.hotspot.jre.full.win32.x86_64_17.0.8.v20230831-1047\jre\bin\VCRUNTIME140.dll
0x00007ff800000000 - 0x00007ff800017000 	C:\Documentos\Cibertec\2023-2\LPII\LPII\sts-4.20.0.RELEASE\plugins\org.eclipse.justj.openjdk.hotspot.jre.full.win32.x86_64_17.0.8.v20230831-1047\jre\bin\jli.dll
0x00007ff80b700000 - 0x00007ff80b8ae000 	C:\Windows\System32\USER32.dll
0x00007ff80aca0000 - 0x00007ff80acc6000 	C:\Windows\System32\win32u.dll
0x00007ff80be40000 - 0x00007ff80be69000 	C:\Windows\System32\GDI32.dll
0x00007ff80acd0000 - 0x00007ff80ade8000 	C:\Windows\System32\gdi32full.dll
0x00007ff809aa0000 - 0x00007ff809d33000 	C:\Windows\WinSxS\amd64_microsoft.windows.common-controls_6595b64144ccf1df_6.0.22621.2215_none_270d72677387dfc3\COMCTL32.dll
0x00007ff80a950000 - 0x00007ff80a9ea000 	C:\Windows\System32\msvcp_win.dll
0x00007ff80b1c0000 - 0x00007ff80b267000 	C:\Windows\System32\msvcrt.dll
0x00007ff80bff0000 - 0x00007ff80c021000 	C:\Windows\System32\IMM32.DLL
0x00007ffff80d0000 - 0x00007ffff80dc000 	C:\Documentos\Cibertec\2023-2\LPII\LPII\sts-4.20.0.RELEASE\plugins\org.eclipse.justj.openjdk.hotspot.jre.full.win32.x86_64_17.0.8.v20230831-1047\jre\bin\vcruntime140_1.dll
0x00007fffd85e0000 - 0x00007fffd8671000 	C:\Documentos\Cibertec\2023-2\LPII\LPII\sts-4.20.0.RELEASE\plugins\org.eclipse.justj.openjdk.hotspot.jre.full.win32.x86_64_17.0.8.v20230831-1047\jre\bin\msvcp140.dll
0x00007fffbc6c0000 - 0x00007fffbd30c000 	C:\Documentos\Cibertec\2023-2\LPII\LPII\sts-4.20.0.RELEASE\plugins\org.eclipse.justj.openjdk.hotspot.jre.full.win32.x86_64_17.0.8.v20230831-1047\jre\bin\server\jvm.dll
0x00007ff80bf40000 - 0x00007ff80bff0000 	C:\Windows\System32\ADVAPI32.dll
0x00007ff80bc10000 - 0x00007ff80bcb6000 	C:\Windows\System32\sechost.dll
0x00007ff80c8e0000 - 0x00007ff80c9f7000 	C:\Windows\System32\RPCRT4.dll
0x00007ff80a690000 - 0x00007ff80a6dd000 	C:\Windows\SYSTEM32\POWRPROF.dll
0x00007ff802450000 - 0x00007ff802459000 	C:\Windows\SYSTEM32\WSOCK32.dll
0x00007ff80bdc0000 - 0x00007ff80be31000 	C:\Windows\System32\WS2_32.dll
0x00007ff800d00000 - 0x00007ff800d34000 	C:\Windows\SYSTEM32\WINMM.dll
0x00007ff808fd0000 - 0x00007ff808fda000 	C:\Windows\SYSTEM32\VERSION.dll
0x00007ff80a670000 - 0x00007ff80a683000 	C:\Windows\SYSTEM32\UMPDC.dll
0x00007ff808860000 - 0x00007ff808878000 	C:\Windows\SYSTEM32\kernel.appcore.dll
0x00007ff802130000 - 0x00007ff80213a000 	C:\Documentos\Cibertec\2023-2\LPII\LPII\sts-4.20.0.RELEASE\plugins\org.eclipse.justj.openjdk.hotspot.jre.full.win32.x86_64_17.0.8.v20230831-1047\jre\bin\jimage.dll
0x00007ff80a050000 - 0x00007ff80a27e000 	C:\Windows\SYSTEM32\DBGHELP.DLL
0x00007ff80cd90000 - 0x00007ff80d11a000 	C:\Windows\System32\combase.dll
0x00007ff80bb30000 - 0x00007ff80bc07000 	C:\Windows\System32\OLEAUT32.dll
0x00007ff809f10000 - 0x00007ff809f42000 	C:\Windows\SYSTEM32\dbgcore.DLL
0x00007ff80ac20000 - 0x00007ff80ac9a000 	C:\Windows\System32\bcryptPrimitives.dll
0x00007ff801050000 - 0x00007ff801075000 	C:\Documentos\Cibertec\2023-2\LPII\LPII\sts-4.20.0.RELEASE\plugins\org.eclipse.justj.openjdk.hotspot.jre.full.win32.x86_64_17.0.8.v20230831-1047\jre\bin\java.dll
0x00007ffff8220000 - 0x00007ffff8238000 	C:\Documentos\Cibertec\2023-2\LPII\LPII\sts-4.20.0.RELEASE\plugins\org.eclipse.justj.openjdk.hotspot.jre.full.win32.x86_64_17.0.8.v20230831-1047\jre\bin\zip.dll
0x00007ff80c030000 - 0x00007ff80c853000 	C:\Windows\System32\SHELL32.dll
0x00007ff8077f0000 - 0x00007ff8080da000 	C:\Windows\SYSTEM32\windows.storage.dll
0x00007ff8076b0000 - 0x00007ff8077ee000 	C:\Windows\SYSTEM32\wintypes.dll
0x00007ff80bcc0000 - 0x00007ff80bdb3000 	C:\Windows\System32\SHCORE.dll
0x00007ff80d120000 - 0x00007ff80d17e000 	C:\Windows\System32\shlwapi.dll
0x00007ff80a6f0000 - 0x00007ff80a716000 	C:\Windows\SYSTEM32\profapi.dll
0x00007ffff8200000 - 0x00007ffff8219000 	C:\Documentos\Cibertec\2023-2\LPII\LPII\sts-4.20.0.RELEASE\plugins\org.eclipse.justj.openjdk.hotspot.jre.full.win32.x86_64_17.0.8.v20230831-1047\jre\bin\net.dll
0x00007ff801da0000 - 0x00007ff801ed7000 	C:\Windows\SYSTEM32\WINHTTP.dll
0x00007ff808c90000 - 0x00007ff808cf9000 	C:\Windows\system32\mswsock.dll
0x00007ffff81e0000 - 0x00007ffff81f5000 	C:\Documentos\Cibertec\2023-2\LPII\LPII\sts-4.20.0.RELEASE\plugins\org.eclipse.justj.openjdk.hotspot.jre.full.win32.x86_64_17.0.8.v20230831-1047\jre\bin\nio.dll
0x00007ffff8010000 - 0x00007ffff8019000 	C:\Documentos\Cibertec\2023-2\LPII\LPII\sts-4.20.0.RELEASE\plugins\org.eclipse.justj.openjdk.hotspot.jre.full.win32.x86_64_17.0.8.v20230831-1047\jre\bin\management.dll
0x00007ffff7f60000 - 0x00007ffff7f6b000 	C:\Documentos\Cibertec\2023-2\LPII\LPII\sts-4.20.0.RELEASE\plugins\org.eclipse.justj.openjdk.hotspot.jre.full.win32.x86_64_17.0.8.v20230831-1047\jre\bin\management_ext.dll
0x00007ff80ca20000 - 0x00007ff80ca28000 	C:\Windows\System32\PSAPI.DLL

dbghelp: loaded successfully - version: 4.0.5 - missing functions: none
symbol engine: initialized successfully - sym options: 0x614 - pdb path: .;C:\Documentos\Cibertec\2023-2\LPII\LPII\sts-4.20.0.RELEASE\plugins\org.eclipse.justj.openjdk.hotspot.jre.full.win32.x86_64_17.0.8.v20230831-1047\jre\bin;C:\Windows\SYSTEM32;C:\Windows\WinSxS\amd64_microsoft.windows.common-controls_6595b64144ccf1df_6.0.22621.2215_none_270d72677387dfc3;C:\Documentos\Cibertec\2023-2\LPII\LPII\sts-4.20.0.RELEASE\plugins\org.eclipse.justj.openjdk.hotspot.jre.full.win32.x86_64_17.0.8.v20230831-1047\jre\bin\server

VM Arguments:
jvm_args: -Dcom.sun.management.jmxremote -Dcom.sun.management.jmxremote.port=54357 -Dcom.sun.management.jmxremote.authenticate=false -Dcom.sun.management.jmxremote.ssl=false -Djava.rmi.server.hostname=localhost -Dspring.jmx.enabled=true -Dmanagement.endpoints.jmx.exposure.include=* -Dspring.application.admin.enabled=true -XX:TieredStopAtLevel=1 -Dspring.boot.project.name=lp2_20232_sabado_T4RN_grupo_01 -Dfile.encoding=UTF-8 -Dstdout.encoding=UTF-8 -Dstderr.encoding=UTF-8 -XX:+ShowCodeDetailsInExceptionMessages 
java_command: com.centroinformacion.ProyectoDawiApplication --spring.output.ansi.enabled=always
java_class_path (initial): C:\Users\User\git\lp2_20232_sabado_T4RN_grupo_01\target\classes;C:\Users\User\.m2\repository\org\springframework\boot\spring-boot-starter-data-jpa\3.1.3\spring-boot-starter-data-jpa-3.1.3.jar;C:\Users\User\.m2\repository\org\springframework\boot\spring-boot-starter-aop\3.1.3\spring-boot-starter-aop-3.1.3.jar;C:\Users\User\.m2\repository\org\springframework\spring-aop\6.0.11\spring-aop-6.0.11.jar;C:\Users\User\.m2\repository\org\aspectj\aspectjweaver\1.9.20\aspectjweaver-1.9.20.jar;C:\Users\User\.m2\repository\org\springframework\boot\spring-boot-starter-jdbc\3.1.3\spring-boot-starter-jdbc-3.1.3.jar;C:\Users\User\.m2\repository\com\zaxxer\HikariCP\5.0.1\HikariCP-5.0.1.jar;C:\Users\User\.m2\repository\org\springframework\spring-jdbc\6.0.11\spring-jdbc-6.0.11.jar;C:\Users\User\.m2\repository\org\hibernate\orm\hibernate-core\6.2.7.Final\hibernate-core-6.2.7.Final.jar;C:\Users\User\.m2\repository\jakarta\persistence\jakarta.persistence-api\3.1.0\jakarta.persistence-api-3.1.0.jar;C:\Users\User\.m2\repository\jakarta\transaction\jakarta.transaction-api\2.0.1\jakarta.transaction-api-2.0.1.jar;C:\Users\User\.m2\repository\org\jboss\logging\jboss-logging\3.5.3.Final\jboss-logging-3.5.3.Final.jar;C:\Users\User\.m2\repository\org\hibernate\common\hibernate-commons-annotations\6.0.6.Final\hibernate-commons-annotations-6.0.6.Final.jar;C:\Users\User\.m2\repository\io\smallrye\jandex\3.0.5\jandex-3.0.5.jar;C:\Users\User\.m2\repository\com\fasterxml\classmate\1.5.1\classmate-1.5.1.jar;C:\Users\User\.m2\repository\net\bytebuddy\byte-buddy\1.14.6\byte-buddy-1.14.6.jar;C:\Users\User\.m2\repository\org\glassfish\jaxb\jaxb-runtime\4.0.3\jaxb-runtime-4.0.3.jar;C:\Users\User\.m2\repository\org\glassfish\jaxb\jaxb-core\4.0.3\jaxb-core-4.0.3.jar;C:\Users\User\.m2\repository\org\eclipse\angus\angus-activation\2.0.1\angus-activation-2.0.1.jar;C:\Users\User\.m2\repository\org\glassfish\jaxb\txw2\4.0.3\txw2-4.0.3.jar;C:\Users\User\.m2\repository\com\sun\istack\istack
Launcher Type: SUN_STANDARD

[Global flags]
     intx CICompilerCount                          = 3                                         {product} {ergonomic}
     uint ConcGCThreads                            = 1                                         {product} {ergonomic}
     uint G1ConcRefinementThreads                  = 4                                         {product} {ergonomic}
   size_t G1HeapRegionSize                         = 2097152                                   {product} {ergonomic}
    uintx GCDrainStackTargetSize                   = 64                                        {product} {ergonomic}
   size_t InitialHeapSize                          = 197132288                                 {product} {ergonomic}
     bool ManagementServer                         = true                                      {product} {command line}
   size_t MarkStackSize                            = 4194304                                   {product} {ergonomic}
   size_t MaxHeapSize                              = 3154116608                                {product} {ergonomic}
   size_t MaxNewSize                               = 1891631104                                {product} {ergonomic}
   size_t MinHeapDeltaBytes                        = 2097152                                   {product} {ergonomic}
   size_t MinHeapSize                              = 8388608                                   {product} {ergonomic}
    uintx NonProfiledCodeHeapSize                  = 0                                      {pd product} {ergonomic}
     bool ProfileInterpreter                       = false                                  {pd product} {command line}
    uintx ProfiledCodeHeapSize                     = 0                                      {pd product} {ergonomic}
     bool ShowCodeDetailsInExceptionMessages       = true                                   {manageable} {command line}
   size_t SoftMaxHeapSize                          = 3154116608                             {manageable} {ergonomic}
     intx TieredStopAtLevel                        = 1                                         {product} {command line}
     bool UseCompressedClassPointers               = true                           {product lp64_product} {ergonomic}
     bool UseCompressedOops                        = true                           {product lp64_product} {ergonomic}
     bool UseG1GC                                  = true                                      {product} {ergonomic}
     bool UseLargePagesIndividualAllocation        = false                                  {pd product} {ergonomic}

Logging:
Log output configuration:
 #0: stdout all=warning uptime,level,tags
 #1: stderr all=off uptime,level,tags

Environment Variables:
JAVA_HOME=C:\Program Files\Eclipse Adoptium\jdk-17.0.8.7-hotspot\
PATH=C:/Documentos/Cibertec/2023-2/LPII/LPII/sts-4.20.0.RELEASE//plugins/org.eclipse.justj.openjdk.hotspot.jre.full.win32.x86_64_17.0.8.v20230831-1047/jre/bin/server;C:/Documentos/Cibertec/2023-2/LPII/LPII/sts-4.20.0.RELEASE//plugins/org.eclipse.justj.openjdk.hotspot.jre.full.win32.x86_64_17.0.8.v20230831-1047/jre/bin;C:\Program Files\Eclipse Adoptium\jdk-17.0.8.7-hotspot\bin;C:\Program Files (x86)\Common Files\Oracle\Java\javapath;C:\Windows\system32;C:\Windows;C:\Windows\System32\Wbem;C:\Windows\System32\WindowsPowerShell\v1.0\;C:\Windows\System32\OpenSSH\;C:\Program Files\Git\cmd;C:\Users\User\AppData\Local\Microsoft\WindowsApps;;C:\Documentos\Cibertec\2023-2\LPII\LPII\sts-4.20.0.RELEASE;
USERNAME=User
OS=Windows_NT
PROCESSOR_IDENTIFIER=Intel64 Family 6 Model 126 Stepping 5, GenuineIntel
TMP=C:\Users\User\AppData\Local\Temp
TEMP=C:\Users\User\AppData\Local\Temp



---------------  S Y S T E M  ---------------

OS:
 Windows 11 , 64 bit Build 22621 (10.0.22621.2215)
OS uptime: 0 days 18:39 hours
Hyper-V role detected

CPU: total 4 (initial active 4) (2 cores per cpu, 2 threads per core) family 6 model 126 stepping 5 microcode 0x86, cx8, cmov, fxsr, ht, mmx, 3dnowpref, sse, sse2, sse3, ssse3, sse4.1, sse4.2, popcnt, lzcnt, tsc, tscinvbit, avx, avx2, aes, erms, clmul, bmi1, bmi2, adx, avx512f, avx512dq, avx512cd, avx512bw, avx512vl, sha, fma, vzeroupper, avx512_vpopcntdq, avx512_vpclmulqdq, avx512_vaes, avx512_vnni, clflush, clflushopt, avx512_vbmi2, avx512_vbmi, hv
Processor Information for all 4 processors :
  Max Mhz: 1190, Current Mhz: 1190, Mhz Limit: 1190

Memory: 4k page, system-wide physical 12030M (6520M free)
TotalPageFile size 14462M (AvailPageFile size 7520M)
current process WorkingSet (physical memory assigned to process): 58M, peak: 58M
current process commit charge ("private bytes"): 263M, peak: 263M

vm_info: OpenJDK 64-Bit Server VM (17.0.8.1+1) for windows-amd64 JRE (17.0.8.1+1), built on Aug 23 2023 15:29:17 by "admin" with MS VC++ 16.7 (VS2019)

END.
