#
# A fatal error has been detected by the Java Runtime Environment:
#
#  EXCEPTION_ACCESS_VIOLATION (0xc0000005) at pc=0x00007ffd6fd6ca56, pid=3804, tid=1936
#
# JRE version: OpenJDK Runtime Environment Temurin-17.0.8.1+1 (17.0.8.1+1) (build 17.0.8.1+1)
# Java VM: OpenJDK 64-Bit Server VM Temurin-17.0.8.1+1 (17.0.8.1+1, mixed mode, emulated-client, tiered, compressed oops, compressed class ptrs, g1 gc, windows-amd64)
# Problematic frame:
# V  [jvm.dll+0xca56]
#
# No core dump will be written. Minidumps are not enabled by default on client versions of Windows
#
# If you would like to submit a bug report, please visit:
#   https://github.com/adoptium/adoptium-support/issues
#

---------------  S U M M A R Y ------------

Command Line: -Dcom.sun.management.jmxremote -Dcom.sun.management.jmxremote.port=51253 -Dcom.sun.management.jmxremote.authenticate=false -Dcom.sun.management.jmxremote.ssl=false -Djava.rmi.server.hostname=localhost -Dspring.jmx.enabled=true -Dmanagement.endpoints.jmx.exposure.include=* -Dspring.application.admin.enabled=true -XX:TieredStopAtLevel=1 -Dspring.boot.project.name=lp2_20232_sabado_T4RN_grupo_01 -Dfile.encoding=UTF-8 -Dstdout.encoding=UTF-8 -Dstderr.encoding=UTF-8 -XX:+ShowCodeDetailsInExceptionMessages com.centroinformacion.ProyectoDawiApplication --spring.output.ansi.enabled=always

Host: Intel(R) Core(TM) i3-1005G1 CPU @ 1.20GHz, 4 cores, 11G,  Windows 11 , 64 bit Build 22621 (10.0.22621.2361)
Time: Fri Sep 29 21:24:47 2023 Hora est. Pacífico, Sudamérica elapsed time: 5.748926 seconds (0d 0h 0m 5s)

---------------  T H R E A D  ---------------

Current thread (0x0000025bb7dc8f10):  GCTaskThread "GC Thread#1" [stack: 0x000000a783700000,0x000000a783800000] [id=1936]

Stack: [0x000000a783700000,0x000000a783800000],  sp=0x000000a7837ff7a8,  free space=1021k
Native frames: (J=compiled Java code, j=interpreted, Vv=VM code, C=native code)
V  [jvm.dll+0xca56]


siginfo: EXCEPTION_ACCESS_VIOLATION (0xc0000005), reading address 0x000000084708148b


Register to memory mapping:

RIP=0x00007ffd6fd6ca56 jvm.dll
RAX=0x0 is NULL
RBX=0x0000000000000001 is an unknown value
RCX=0x0000000746c69938 is pointing into object: [Ljava.lang.Class; 
{0x0000000746c69930} - klass: 'java/lang/Class'[]
 - length: 0
RDX=0x0000000746c69938 is pointing into object: [Ljava.lang.Class; 
{0x0000000746c69930} - klass: 'java/lang/Class'[]
 - length: 0
RSP=0x000000a7837ff7a8 points into unknown readable memory: 0x00007ffd700687af | af 87 06 70 fd 7f 00 00
RBP=0x000000a7837ff828 points into unknown readable memory: 0x0000000000000000 | 00 00 00 00 00 00 00 00
RSI=0x0000025bb9616490 points into unknown readable memory: 0x00007ffd706ba638 | 38 a6 6b 70 fd 7f 00 00
RDI=0x0000025bb9616490 points into unknown readable memory: 0x00007ffd706ba638 | 38 a6 6b 70 fd 7f 00 00
R8 =0x0000000746c69938 is pointing into object: [Ljava.lang.Class; 
{0x0000000746c69930} - klass: 'java/lang/Class'[]
 - length: 0
R9 =0x0000000847081483 is an unknown value
R10=0x0000000746c69938 is pointing into object: [Ljava.lang.Class; 
{0x0000000746c69930} - klass: 'java/lang/Class'[]
 - length: 0
R11=0x0000000747081620 is an oop: java.lang.reflect.Method 
{0x0000000747081620} - klass: 'java/lang/reflect/Method'
 - ---- fields (total size 11 words):
 - 'override' 'Z' @12  false
 - volatile 'accessCheckCache' 'Ljava/lang/Object;' @16  NULL (0)
 - private volatile transient 'hasRealParameterData' 'Z' @13  false
 - private volatile transient 'parameters' '[Ljava/lang/reflect/Parameter;' @20  NULL (0)
 - private volatile transient 'declaredAnnotations' 'Ljava/util/Map;' @24  a 'java/util/Collections$EmptyMap'{0x00000007444e6bc0} (e889cd78)
 - private 'slot' 'I' @28  27 (1b)
 - private synchronized 'modifiers' 'I' @32  17 (11)
 - private synchronized 'clazz' 'Ljava/lang/Class;' @36  a 'java/lang/Class'{0x0000000747023fa8} = 'jdk/proxy4/$Proxy107' (e8e047f5)
 - private 'name' 'Ljava/lang/String;' @40  "getJpaDialect"{0x0000000745d3e610} (e8ba7cc2)
 - private 'returnType' 'Ljava/lang/Class;' @44  a 'java/lang/Class'{0x0000000745d3e648} = 'org/springframework/orm/jpa/JpaDialect' (e8ba7cc9)
 - private 'parameterTypes' '[Ljava/lang/Class;' @48  
[error occurred during error reporting (printing register info), id 0xc0000005, EXCEPTION_ACCESS_VIOLATION (0xc0000005) at pc=0x00007ffd703c4ff3]

Registers:
RAX=0x0000000000000000, RBX=0x0000000000000001, RCX=0x0000000746c69938, RDX=0x0000000746c69938
RSP=0x000000a7837ff7a8, RBP=0x000000a7837ff828, RSI=0x0000025bb9616490, RDI=0x0000025bb9616490
R8 =0x0000000746c69938, R9 =0x0000000847081483, R10=0x0000000746c69938, R11=0x0000000747081620
R12=0x0000025bb4097508, R13=0x0000000746c69938, R14=0x0000000847081483, R15=0x0000000000000000
RIP=0x00007ffd6fd6ca56, EFLAGS=0x0000000000010202

Top of Stack: (sp=0x000000a7837ff7a8)
0x000000a7837ff7a8:   00007ffd700687af 0000000000000000
0x000000a7837ff7b8:   0000000000000002 000000a7837ff828
0x000000a7837ff7c8:   0000000000000000 0000000000000001
0x000000a7837ff7d8:   00007ffd00000000 0000000746c10001
0x000000a7837ff7e8:   0000000000000001 0000025b00000000
0x000000a7837ff7f8:   0000000000000009 0000000000000010
0x000000a7837ff808:   00007ffd70067059 0000000000000001
0x000000a7837ff818:   0000000000000001 0000025bb9616610
0x000000a7837ff828:   0000000000000000 0000000000000040
0x000000a7837ff838:   00000000000003d8 0000025bb4097508
0x000000a7837ff848:   0000025bb9616490 0000000747081650
0x000000a7837ff858:   0000000747081651 00000000000003b5
0x000000a7837ff868:   00007ffd70069842 0000000746c10000
0x000000a7837ff878:   0000000000000001 0000025ba03e0001
0x000000a7837ff888:   00000000000585d0 000000a7837ff910
0x000000a7837ff898:   00007ffd7007754d 0000000000000002 

Instructions: (pc=0x00007ffd6fd6ca56)
0x00007ffd6fd6c956:   cc cc cc cc cc cc cc cc cc cc 4c 8b 01 4c 8b c9
0x00007ffd6fd6c966:   48 8b 0d 13 14 b5 00 ba 64 60 08 00 e9 49 f1 ff
0x00007ffd6fd6c976:   ff cc cc cc cc cc cc cc cc cc 8b 05 82 59 af 00
0x00007ffd6fd6c986:   c3 cc cc cc cc cc cc cc cc cc 0f b6 05 e7 1c b6
0x00007ffd6fd6c996:   00 48 8b d1 84 c0 74 16 44 8b 41 08 8b 0d 60 59
0x00007ffd6fd6c9a6:   af 00 49 d3 e0 4c 03 05 4e 59 af 00 eb 04 4c 8b
0x00007ffd6fd6c9b6:   41 08 45 8b 50 08 45 85 d2 7e 0e 41 f6 c2 01 75
0x00007ffd6fd6c9c6:   53 41 c1 fa 03 41 8b c2 c3 79 49 84 c0 b9 10 00
0x00007ffd6fd6c9d6:   00 00 8b 05 66 68 af 00 41 b8 0c 00 00 00 41 0f
0x00007ffd6fd6c9e6:   45 c8 ff c8 4c 63 c8 48 63 14 11 41 8b ca 83 e1
0x00007ffd6fd6c9f6:   3f 48 d3 e2 41 8b ca 48 c1 f9 10 0f b6 c1 49 8d
0x00007ffd6fd6ca06:   0c 11 49 f7 d1 48 03 c1 49 c1 e9 03 48 c1 e8 03
0x00007ffd6fd6ca16:   41 23 c1 c3 49 8b 00 49 8b c8 48 ff a0 00 01 00
0x00007ffd6fd6ca26:   00 cc cc cc cc cc cc cc cc cc 8b 44 24 30 45 03
0x00007ffd6fd6ca36:   c9 44 2b 4c 24 28 83 c0 0b 44 03 ca 45 03 c8 41
0x00007ffd6fd6ca46:   03 c1 c3 cc cc cc cc cc cc cc 4c 8b ca 48 8b d1
0x00007ffd6fd6ca56:   45 8b 41 08 45 85 c0 7e 0e 41 f6 c0 01 75 56 41
0x00007ffd6fd6ca66:   c1 f8 03 41 8b c0 c3 79 4c 80 3d 08 1c b6 00 00
0x00007ffd6fd6ca76:   b8 0c 00 00 00 b9 10 00 00 00 0f 45 c8 8b 05 bb
0x00007ffd6fd6ca86:   67 af 00 ff c8 4c 63 c8 48 63 14 11 41 8b c8 83
0x00007ffd6fd6ca96:   e1 3f 48 d3 e2 41 8b c8 48 c1 f9 10 0f b6 c1 49
0x00007ffd6fd6caa6:   8d 0c 11 49 f7 d1 48 03 c1 49 c1 e9 03 48 c1 e8
0x00007ffd6fd6cab6:   03 41 23 c1 c3 49 8b 01 49 8b c9 48 ff a0 00 01
0x00007ffd6fd6cac6:   00 00 cc cc cc cc cc cc cc cc 48 8b 41 08 0f b7
0x00007ffd6fd6cad6:   48 2a 0f b7 40 28 83 c0 48 03 c1 c3 cc cc cc cc
0x00007ffd6fd6cae6:   cc cc cc cc cc cc cc cc cc cc 48 89 5c 24 08 57
0x00007ffd6fd6caf6:   48 83 ec 20 0f b6 05 af fc b9 00 48 8b fa 48 8b
0x00007ffd6fd6cb06:   d9 84 c0 74 4f 48 85 15 96 f4 b9 00 74 38 48 8b
0x00007ffd6fd6cb16:   ca e8 94 a3 85 00 48 8b d0 48 85 db 74 25 48 85
0x00007ffd6fd6cb26:   c0 74 20 48 8b c7 f0 48 0f b1 13 74 16 48 85 05
0x00007ffd6fd6cb36:   6e f4 b9 00 74 0d 48 8b c8 f0 48 0f b1 13 48 3b
0x00007ffd6fd6cb46:   c1 75 ea 48 8b fa 48 8b c7 48 8b 5c 24 30 48 83 


Stack slot to memory mapping:
stack at sp + 0 slots: 0x00007ffd700687af jvm.dll
stack at sp + 1 slots: 0x0 is NULL
stack at sp + 2 slots: 0x0000000000000002 is an unknown value
stack at sp + 3 slots: 0x000000a7837ff828 points into unknown readable memory: 0x0000000000000000 | 00 00 00 00 00 00 00 00
stack at sp + 4 slots: 0x0 is NULL
stack at sp + 5 slots: 0x0000000000000001 is an unknown value
stack at sp + 6 slots: 0x00007ffd00000000 is an unknown value
stack at sp + 7 slots: 0x0000000746c10001 is pointing into object: [B 
{0x0000000746c0fff8} - klass: {type array byte}
 - length: 24


---------------  P R O C E S S  ---------------

Threads class SMR info:
_java_thread_list=0x0000025bb9a63870, length=28, elements={
0x0000025ba03c6db0, 0x0000025bb4032010, 0x0000025bb4033370, 0x0000025bafd1eab0,
0x0000025bb405c440, 0x0000025bb4050a10, 0x0000025bb40554f0, 0x0000025bb4056650,
0x0000025bb407c0b0, 0x0000025bb40cf2f0, 0x0000025bb41ffa80, 0x0000025bb40c3550,
0x0000025bb40d1150, 0x0000025bb40cf800, 0x0000025bb40cfd10, 0x0000025bb40cede0,
0x0000025bb40d0220, 0x0000025bb40d1b70, 0x0000025bb40ce8d0, 0x0000025bb40d0730,
0x0000025bb40d0c40, 0x0000025bb40d1660, 0x0000025bb94fa580, 0x0000025bb94fbed0,
0x0000025bb94fc3e0, 0x0000025bb94ff170, 0x0000025bb94fa070, 0x0000025bb94fc8f0
}

Java Threads: ( => current thread )
  0x0000025ba03c6db0 JavaThread "main" [_thread_blocked, id=4740, stack(0x000000a782300000,0x000000a782400000)]
  0x0000025bb4032010 JavaThread "Reference Handler" daemon [_thread_blocked, id=8000, stack(0x000000a782a00000,0x000000a782b00000)]
  0x0000025bb4033370 JavaThread "Finalizer" daemon [_thread_blocked, id=9692, stack(0x000000a782b00000,0x000000a782c00000)]
  0x0000025bafd1eab0 JavaThread "Signal Dispatcher" daemon [_thread_blocked, id=9912, stack(0x000000a782d00000,0x000000a782e00000)]
  0x0000025bb405c440 JavaThread "Attach Listener" daemon [_thread_blocked, id=3784, stack(0x000000a782e00000,0x000000a782f00000)]
  0x0000025bb4050a10 JavaThread "Service Thread" daemon [_thread_blocked, id=1960, stack(0x000000a782f00000,0x000000a783000000)]
  0x0000025bb40554f0 JavaThread "Monitor Deflation Thread" daemon [_thread_blocked, id=224, stack(0x000000a783000000,0x000000a783100000)]
  0x0000025bb4056650 JavaThread "C1 CompilerThread0" daemon [_thread_blocked, id=2892, stack(0x000000a783100000,0x000000a783200000)]
  0x0000025bb407c0b0 JavaThread "Sweeper thread" daemon [_thread_blocked, id=3320, stack(0x000000a783200000,0x000000a783300000)]
  0x0000025bb40cf2f0 JavaThread "Common-Cleaner" daemon [_thread_blocked, id=14220, stack(0x000000a783300000,0x000000a783400000)]
  0x0000025bb41ffa80 JavaThread "C1 CompilerThread1" daemon [_thread_blocked, id=6940, stack(0x000000a783400000,0x000000a783500000)]
  0x0000025bb40c3550 JavaThread "C1 CompilerThread2" daemon [_thread_blocked, id=14260, stack(0x000000a783500000,0x000000a783600000)]
  0x0000025bb40d1150 JavaThread "Notification Thread" daemon [_thread_blocked, id=13052, stack(0x000000a783600000,0x000000a783700000)]
  0x0000025bb40cf800 JavaThread "RMI TCP Accept-0" daemon [_thread_in_native, id=13484, stack(0x000000a783a00000,0x000000a783b00000)]
  0x0000025bb40cfd10 JavaThread "RMI TCP Accept-51253" daemon [_thread_in_native, id=10780, stack(0x000000a783b00000,0x000000a783c00000)]
  0x0000025bb40cede0 JavaThread "RMI TCP Accept-0" daemon [_thread_in_native, id=13164, stack(0x000000a783c00000,0x000000a783d00000)]
  0x0000025bb40d0220 JavaThread "RMI TCP Connection(1)-127.0.0.1" daemon [_thread_in_native, id=9776, stack(0x000000a783e00000,0x000000a783f00000)]
  0x0000025bb40d1b70 JavaThread "RMI Scheduler(0)" daemon [_thread_blocked, id=4556, stack(0x000000a783f00000,0x000000a784000000)]
  0x0000025bb40ce8d0 JavaThread "RMI TCP Connection(2)-127.0.0.1" daemon [_thread_in_native, id=4728, stack(0x000000a784000000,0x000000a784100000)]
  0x0000025bb40d0730 JavaThread "JMX server connection timeout 21" daemon [_thread_blocked, id=12124, stack(0x000000a784100000,0x000000a784200000)]
  0x0000025bb40d0c40 JavaThread "Thread-0" [_thread_blocked, id=9188, stack(0x000000a784200000,0x000000a784300000)]
  0x0000025bb40d1660 JavaThread "restartedMain" [_thread_blocked, id=1612, stack(0x000000a784300000,0x000000a784400000)]
  0x0000025bb94fa580 JavaThread "Catalina-utility-1" [_thread_blocked, id=10864, stack(0x000000a784400000,0x000000a784500000)]
  0x0000025bb94fbed0 JavaThread "Catalina-utility-2" [_thread_blocked, id=12956, stack(0x000000a784500000,0x000000a784600000)]
  0x0000025bb94fc3e0 JavaThread "container-0" [_thread_blocked, id=12544, stack(0x000000a784600000,0x000000a784700000)]
  0x0000025bb94ff170 JavaThread "mysql-cj-abandoned-connection-cleanup" daemon [_thread_blocked, id=9736, stack(0x000000a784700000,0x000000a784800000)]
  0x0000025bb94fa070 JavaThread "HikariPool-1 housekeeper" daemon [_thread_blocked, id=8916, stack(0x000000a784900000,0x000000a784a00000)]
  0x0000025bb94fc8f0 JavaThread "HikariPool-1 connection adder" daemon [_thread_blocked, id=13080, stack(0x000000a784a00000,0x000000a784b00000)]

Other Threads:
  0x0000025bb40207b0 VMThread "VM Thread" [stack: 0x000000a782900000,0x000000a782a00000] [id=5648]
  0x0000025bb7f54090 WatcherThread [stack: 0x000000a783d00000,0x000000a783e00000] [id=8976]
  0x0000025ba041ea90 GCTaskThread "GC Thread#0" [stack: 0x000000a782400000,0x000000a782500000] [id=12796]
=>0x0000025bb7dc8f10 GCTaskThread "GC Thread#1" [stack: 0x000000a783700000,0x000000a783800000] [id=1936]
  0x0000025bb7dc91d0 GCTaskThread "GC Thread#2" [stack: 0x000000a783800000,0x000000a783900000] [id=13816]
  0x0000025bb7dcb8b0 GCTaskThread "GC Thread#3" [stack: 0x000000a783900000,0x000000a783a00000] [id=8532]
  0x0000025ba042b5e0 ConcurrentGCThread "G1 Main Marker" [stack: 0x000000a782500000,0x000000a782600000] [id=13744]
  0x0000025ba042c790 ConcurrentGCThread "G1 Conc#0" [stack: 0x000000a782600000,0x000000a782700000] [id=2280]
  0x0000025ba04683a0 ConcurrentGCThread "G1 Refine#0" [stack: 0x000000a782700000,0x000000a782800000] [id=7336]
  0x0000025bafb82860 ConcurrentGCThread "G1 Service" [stack: 0x000000a782800000,0x000000a782900000] [id=9936]

Threads with active compile tasks:

VM state: at safepoint (normal execution)

VM Mutex/Monitor currently owned by a thread:  ([mutex/lock_event])
[0x0000025ba03c2c70] Threads_lock - owner thread: 0x0000025bb40207b0
[0x0000025ba03c1c20] Heap_lock - owner thread: 0x0000025bb40d1660

Heap address: 0x0000000744000000, size: 3008 MB, Compressed Oops mode: Zero based, Oop shift amount: 3

CDS archive(s) not mapped
Compressed class space mapped at: 0x0000000800000000-0x0000000840000000, reserved size: 1073741824
Narrow klass base: 0x0000000800000000, Narrow klass shift: 0, Narrow klass range: 0x40000000

GC Precious Log:
 CPUs: 4 total, 4 available
 Memory: 12030M
 Large Page Support: Disabled
 NUMA Support: Disabled
 Compressed Oops: Enabled (Zero based)
 Heap Region Size: 2M
 Heap Min Capacity: 8M
 Heap Initial Capacity: 188M
 Heap Max Capacity: 3008M
 Pre-touch: Disabled
 Parallel Workers: 4
 Concurrent Workers: 1
 Concurrent Refinement Workers: 4
 Periodic GC: Disabled

Heap:
 garbage-first heap   total 71680K, used 53978K [0x0000000744000000, 0x0000000800000000)
  region size 2048K, 12 young (24576K), 2 survivors (4096K)
 Metaspace       used 69719K, committed 70336K, reserved 1114112K
  class space    used 9427K, committed 9728K, reserved 1048576K

Heap Regions: E=young(eden), S=young(survivor), O=old, HS=humongous(starts), HC=humongous(continues), CS=collection set, F=free, OA=open archive, CA=closed archive, TAMS=top-at-mark-start (previous, next)
|   0|0x0000000744000000, 0x0000000744200000, 0x0000000744200000|100%| O|  |TAMS 0x0000000744200000, 0x0000000744200000| Untracked 
|   1|0x0000000744200000, 0x0000000744400000, 0x0000000744400000|100%| O|  |TAMS 0x0000000744400000, 0x0000000744400000| Untracked 
|   2|0x0000000744400000, 0x0000000744600000, 0x0000000744600000|100%| O|  |TAMS 0x0000000744600000, 0x0000000744600000| Untracked 
|   3|0x0000000744600000, 0x0000000744738400, 0x0000000744800000| 60%| O|  |TAMS 0x0000000744738400, 0x0000000744738400| Untracked 
|   4|0x0000000744800000, 0x0000000744a00000, 0x0000000744a00000|100%| O|  |TAMS 0x0000000744a00000, 0x0000000744a00000| Untracked 
|   5|0x0000000744a00000, 0x0000000744c00000, 0x0000000744c00000|100%| O|  |TAMS 0x0000000744c00000, 0x0000000744c00000| Untracked 
|   6|0x0000000744c00000, 0x0000000744e00000, 0x0000000744e00000|100%| O|  |TAMS 0x0000000744e00000, 0x0000000744e00000| Untracked 
|   7|0x0000000744e00000, 0x0000000745000000, 0x0000000745000000|100%| O|  |TAMS 0x0000000745000000, 0x0000000745000000| Untracked 
|   8|0x0000000745000000, 0x0000000745200000, 0x0000000745200000|100%| O|  |TAMS 0x0000000745200000, 0x0000000745200000| Untracked 
|   9|0x0000000745200000, 0x0000000745400000, 0x0000000745400000|100%| O|  |TAMS 0x0000000745400000, 0x0000000745400000| Untracked 
|  10|0x0000000745400000, 0x0000000745600000, 0x0000000745600000|100%| O|  |TAMS 0x0000000745600000, 0x0000000745600000| Untracked 
|  11|0x0000000745600000, 0x0000000745800000, 0x0000000745800000|100%| O|  |TAMS 0x0000000745800000, 0x0000000745800000| Untracked 
|  12|0x0000000745800000, 0x0000000745a00000, 0x0000000745a00000|100%| O|  |TAMS 0x0000000745a00000, 0x0000000745a00000| Untracked 
|  13|0x0000000745a00000, 0x0000000745c00000, 0x0000000745c00000|100%| O|  |TAMS 0x0000000745c00000, 0x0000000745c00000| Untracked 
|  14|0x0000000745c00000, 0x0000000745e00000, 0x0000000745e00000|100%| O|  |TAMS 0x0000000745e00000, 0x0000000745e00000| Untracked 
|  15|0x0000000745e00000, 0x0000000745fad8a8, 0x0000000746000000| 83%| O|  |TAMS 0x0000000745e9c800, 0x0000000745e9c800| Untracked 
|  16|0x0000000746000000, 0x0000000746000000, 0x0000000746200000|  0%| F|  |TAMS 0x0000000746000000, 0x0000000746000000| Untracked 
|  17|0x0000000746200000, 0x0000000746200000, 0x0000000746400000|  0%| F|  |TAMS 0x0000000746200000, 0x0000000746200000| Untracked 
|  18|0x0000000746400000, 0x0000000746400000, 0x0000000746600000|  0%| F|  |TAMS 0x0000000746400000, 0x0000000746400000| Untracked 
|  19|0x0000000746600000, 0x0000000746600000, 0x0000000746800000|  0%| F|  |TAMS 0x0000000746600000, 0x0000000746600000| Untracked 
|  20|0x0000000746800000, 0x0000000746800000, 0x0000000746a00000|  0%| F|  |TAMS 0x0000000746800000, 0x0000000746800000| Untracked 
|  21|0x0000000746a00000, 0x0000000746ae1fc0, 0x0000000746c00000| 44%| E|CS|TAMS 0x0000000746a00000, 0x0000000746ae1fc0| Complete 
|  22|0x0000000746c00000, 0x0000000746e00000, 0x0000000746e00000|100%| E|CS|TAMS 0x0000000746c00000, 0x0000000746e00000| Complete 
|  23|0x0000000746e00000, 0x0000000746eb9790, 0x0000000747000000| 36%| S|  |TAMS 0x0000000746e00000, 0x0000000746e00000| Complete 
|  24|0x0000000747000000, 0x0000000747200000, 0x0000000747200000|100%| S|  |TAMS 0x0000000747000000, 0x0000000747000000| Complete 
|  25|0x0000000747200000, 0x0000000747400000, 0x0000000747400000|100%| E|CS|TAMS 0x0000000747200000, 0x0000000747400000| Complete 
|  26|0x0000000747400000, 0x0000000747600000, 0x0000000747600000|100%| E|CS|TAMS 0x0000000747400000, 0x0000000747600000| Complete 
|  27|0x0000000747600000, 0x0000000747800000, 0x0000000747800000|100%| E|CS|TAMS 0x0000000747600000, 0x0000000747800000| Complete 
|  28|0x0000000747800000, 0x0000000747a00000, 0x0000000747a00000|100%| E|CS|TAMS 0x0000000747800000, 0x0000000747a00000| Complete 
|  29|0x0000000747a00000, 0x0000000747c00000, 0x0000000747c00000|100%| E|CS|TAMS 0x0000000747a00000, 0x0000000747c00000| Complete 
|  30|0x0000000747c00000, 0x0000000747e00000, 0x0000000747e00000|100%| E|CS|TAMS 0x0000000747c00000, 0x0000000747e00000| Complete 
|  31|0x0000000747e00000, 0x0000000748000000, 0x0000000748000000|100%| E|CS|TAMS 0x0000000747e00000, 0x0000000748000000| Complete 
|  80|0x000000074e000000, 0x000000074e200000, 0x000000074e200000|100%| E|CS|TAMS 0x000000074e000000, 0x000000074e200000| Complete 
|  83|0x000000074e600000, 0x000000074e800000, 0x000000074e800000|100%| E|CS|TAMS 0x000000074e600000, 0x000000074e800000| Complete 
|  93|0x000000074fa00000, 0x000000074fc00000, 0x000000074fc00000|100%| E|CS|TAMS 0x000000074fa00000, 0x000000074fc00000| Complete 

Card table byte_map: [0x0000025ba7050000,0x0000025ba7630000] _byte_map_base: 0x0000025ba3630000

Marking Bits (Prev, Next): (CMBitMap*) 0x0000025ba041f0f0, (CMBitMap*) 0x0000025ba041f0b0
 Prev Bits: [0x0000025baab10000, 0x0000025bada10000)
 Next Bits: [0x0000025ba7c10000, 0x0000025baab10000)

Polling page: 0x0000025b9e300000

Metaspace:

Usage:
  Non-class:     58.88 MB used.
      Class:      9.21 MB used.
       Both:     68.09 MB used.

Virtual space:
  Non-class space:       64.00 MB reserved,      59.19 MB ( 92%) committed,  1 nodes.
      Class space:        1.00 GB reserved,       9.50 MB ( <1%) committed,  1 nodes.
             Both:        1.06 GB reserved,      68.69 MB (  6%) committed. 

Chunk freelists:
   Non-Class:  4.45 MB
       Class:  6.50 MB
        Both:  10.95 MB

MaxMetaspaceSize: unlimited
CompressedClassSpaceSize: 1.00 GB
Initial GC threshold: 21.00 MB
Current GC threshold: 112.19 MB
CDS: off
MetaspaceReclaimPolicy: balanced
 - commit_granule_bytes: 65536.
 - commit_granule_words: 8192.
 - virtual_space_node_default_size: 8388608.
 - enlarge_chunks_in_place: 1.
 - new_chunks_are_fully_committed: 0.
 - uncommit_free_chunks: 1.
 - use_allocation_guard: 0.
 - handle_deallocations: 1.


Internal statistics:

num_allocs_failed_limit: 20.
num_arena_births: 828.
num_arena_deaths: 0.
num_vsnodes_births: 2.
num_vsnodes_deaths: 0.
num_space_committed: 1099.
num_space_uncommitted: 0.
num_chunks_returned_to_freelist: 20.
num_chunks_taken_from_freelist: 2983.
num_chunk_merges: 17.
num_chunk_splits: 2089.
num_chunks_enlarged: 1545.
num_inconsistent_stats: 0.

CodeCache: size=49152Kb used=12942Kb max_used=12942Kb free=36209Kb
 bounds [0x0000025ba3a70000, 0x0000025ba4720000, 0x0000025ba6a70000]
 total_blobs=7446 nmethods=6757 adapters=613
 compilation: enabled
              stopped_count=0, restarted_count=0
 full_count=0

Compilation events (20 events):
Event: 5.732 Thread 0x0000025bb40c3550 6749       1       java.util.stream.MatchOps::lambda$makeRef$0 (10 bytes)
Event: 5.732 Thread 0x0000025bb4056650 nmethod 6748 0x0000025ba470f810 code [0x0000025ba470f9a0, 0x0000025ba470fbb8]
Event: 5.732 Thread 0x0000025bb4056650 6750       1       java.util.stream.MatchOps$1MatchSink::<init> (16 bytes)
Event: 5.732 Thread 0x0000025bb41ffa80 nmethod 6746 0x0000025ba470fc90 code [0x0000025ba470fe60, 0x0000025ba4710328]
Event: 5.732 Thread 0x0000025bb40c3550 nmethod 6749 0x0000025ba4710510 code [0x0000025ba47106a0, 0x0000025ba4710898]
Event: 5.732 Thread 0x0000025bb41ffa80 6751       1       java.util.stream.ReferencePipeline::anyMatch (18 bytes)
Event: 5.733 Thread 0x0000025bb4056650 nmethod 6750 0x0000025ba4710990 code [0x0000025ba4710b20, 0x0000025ba4710cd8]
Event: 5.733 Thread 0x0000025bb41ffa80 nmethod 6751 0x0000025ba4710d90 code [0x0000025ba4710f80, 0x0000025ba4711448]
Event: 5.733 Thread 0x0000025bb41ffa80 6752       1       org.springframework.data.mapping.model.AnnotationBasedPersistentProperty::findAnnotation (19 bytes)
Event: 5.733 Thread 0x0000025bb4056650 6753       1       java.util.stream.FindOps$FindSink::accept (18 bytes)
Event: 5.733 Thread 0x0000025bb41ffa80 nmethod 6752 0x0000025ba4711610 code [0x0000025ba47117c0, 0x0000025ba47119b8]
Event: 5.733 Thread 0x0000025bb41ffa80 6754       1       java.util.Formatter::<init> (18 bytes)
Event: 5.733 Thread 0x0000025bb4056650 nmethod 6753 0x0000025ba4711b10 code [0x0000025ba4711ca0, 0x0000025ba4711dd8]
Event: 5.733 Thread 0x0000025bb41ffa80 nmethod 6754 0x0000025ba4711e90 code [0x0000025ba4712040, 0x0000025ba4712298]
Event: 5.733 Thread 0x0000025bb41ffa80 6755       1       java.util.HashMap$HashMapSpliterator::<init> (32 bytes)
Event: 5.733 Thread 0x0000025bb41ffa80 nmethod 6755 0x0000025ba4712390 code [0x0000025ba4712520, 0x0000025ba4712658]
Event: 5.734 Thread 0x0000025bb41ffa80 6756       1       java.util.regex.Pattern$BnM::optimize (179 bytes)
Event: 5.734 Thread 0x0000025bb4056650 6757       1       java.lang.String::format (16 bytes)
Event: 5.735 Thread 0x0000025bb41ffa80 nmethod 6756 0x0000025ba4712710 code [0x0000025ba4712900, 0x0000025ba47130c8]
Event: 5.735 Thread 0x0000025bb4056650 nmethod 6757 0x0000025ba4713390 code [0x0000025ba4713580, 0x0000025ba4713908]

GC Heap History (20 events):
Event: 3.196 GC heap after
{Heap after GC invocations=15 (full 0):
 garbage-first heap   total 59392K, used 27754K [0x0000000744000000, 0x0000000800000000)
  region size 2048K, 1 young (2048K), 1 survivors (2048K)
 Metaspace       used 39679K, committed 40128K, reserved 1114112K
  class space    used 4965K, committed 5184K, reserved 1048576K
}
Event: 3.269 GC heap before
{Heap before GC invocations=15 (full 0):
 garbage-first heap   total 59392K, used 42090K [0x0000000744000000, 0x0000000800000000)
  region size 2048K, 8 young (16384K), 1 survivors (2048K)
 Metaspace       used 40103K, committed 40640K, reserved 1114112K
  class space    used 5029K, committed 5312K, reserved 1048576K
}
Event: 3.271 GC heap after
{Heap after GC invocations=16 (full 0):
 garbage-first heap   total 59392K, used 27481K [0x0000000744000000, 0x0000000800000000)
  region size 2048K, 1 young (2048K), 1 survivors (2048K)
 Metaspace       used 40103K, committed 40640K, reserved 1114112K
  class space    used 5029K, committed 5312K, reserved 1048576K
}
Event: 3.528 GC heap before
{Heap before GC invocations=17 (full 0):
 garbage-first heap   total 59392K, used 43865K [0x0000000744000000, 0x0000000800000000)
  region size 2048K, 9 young (18432K), 1 survivors (2048K)
 Metaspace       used 43236K, committed 43712K, reserved 1114112K
  class space    used 5462K, committed 5696K, reserved 1048576K
}
Event: 3.530 GC heap after
{Heap after GC invocations=18 (full 0):
 garbage-first heap   total 59392K, used 28315K [0x0000000744000000, 0x0000000800000000)
  region size 2048K, 1 young (2048K), 1 survivors (2048K)
 Metaspace       used 43236K, committed 43712K, reserved 1114112K
  class space    used 5462K, committed 5696K, reserved 1048576K
}
Event: 3.558 GC heap before
{Heap before GC invocations=18 (full 0):
 garbage-first heap   total 59392K, used 30363K [0x0000000744000000, 0x0000000800000000)
  region size 2048K, 2 young (4096K), 1 survivors (2048K)
 Metaspace       used 43840K, committed 44352K, reserved 1114112K
  class space    used 5561K, committed 5824K, reserved 1048576K
}
Event: 3.560 GC heap after
{Heap after GC invocations=19 (full 0):
 garbage-first heap   total 59392K, used 26043K [0x0000000744000000, 0x0000000800000000)
  region size 2048K, 1 young (2048K), 1 survivors (2048K)
 Metaspace       used 43840K, committed 44352K, reserved 1114112K
  class space    used 5561K, committed 5824K, reserved 1048576K
}
Event: 3.945 GC heap before
{Heap before GC invocations=19 (full 0):
 garbage-first heap   total 59392K, used 44475K [0x0000000744000000, 0x0000000800000000)
  region size 2048K, 10 young (20480K), 1 survivors (2048K)
 Metaspace       used 48485K, committed 49024K, reserved 1114112K
  class space    used 6206K, committed 6464K, reserved 1048576K
}
Event: 3.948 GC heap after
{Heap after GC invocations=20 (full 0):
 garbage-first heap   total 59392K, used 27086K [0x0000000744000000, 0x0000000800000000)
  region size 2048K, 1 young (2048K), 1 survivors (2048K)
 Metaspace       used 48485K, committed 49024K, reserved 1114112K
  class space    used 6206K, committed 6464K, reserved 1048576K
}
Event: 4.358 GC heap before
{Heap before GC invocations=20 (full 0):
 garbage-first heap   total 59392K, used 45518K [0x0000000744000000, 0x0000000800000000)
  region size 2048K, 10 young (20480K), 1 survivors (2048K)
 Metaspace       used 55293K, committed 55744K, reserved 1114112K
  class space    used 7133K, committed 7360K, reserved 1048576K
}
Event: 4.362 GC heap after
{Heap after GC invocations=21 (full 0):
 garbage-first heap   total 59392K, used 28932K [0x0000000744000000, 0x0000000800000000)
  region size 2048K, 2 young (4096K), 2 survivors (4096K)
 Metaspace       used 55293K, committed 55744K, reserved 1114112K
  class space    used 7133K, committed 7360K, reserved 1048576K
}
Event: 4.634 GC heap before
{Heap before GC invocations=21 (full 0):
 garbage-first heap   total 59392K, used 45316K [0x0000000744000000, 0x0000000800000000)
  region size 2048K, 10 young (20480K), 2 survivors (4096K)
 Metaspace       used 57717K, committed 58176K, reserved 1114112K
  class space    used 7437K, committed 7680K, reserved 1048576K
}
Event: 4.638 GC heap after
{Heap after GC invocations=22 (full 0):
 garbage-first heap   total 71680K, used 30554K [0x0000000744000000, 0x0000000800000000)
  region size 2048K, 2 young (4096K), 2 survivors (4096K)
 Metaspace       used 57717K, committed 58176K, reserved 1114112K
  class space    used 7437K, committed 7680K, reserved 1048576K
}
Event: 5.009 GC heap before
{Heap before GC invocations=22 (full 0):
 garbage-first heap   total 71680K, used 53082K [0x0000000744000000, 0x0000000800000000)
  region size 2048K, 13 young (26624K), 2 survivors (4096K)
 Metaspace       used 63691K, committed 64192K, reserved 1114112K
  class space    used 8475K, committed 8704K, reserved 1048576K
}
Event: 5.013 GC heap after
{Heap after GC invocations=23 (full 0):
 garbage-first heap   total 71680K, used 31606K [0x0000000744000000, 0x0000000800000000)
  region size 2048K, 2 young (4096K), 2 survivors (4096K)
 Metaspace       used 63691K, committed 64192K, reserved 1114112K
  class space    used 8475K, committed 8704K, reserved 1048576K
}
Event: 5.167 GC heap before
{Heap before GC invocations=23 (full 0):
 garbage-first heap   total 71680K, used 52086K [0x0000000744000000, 0x0000000800000000)
  region size 2048K, 12 young (24576K), 2 survivors (4096K)
 Metaspace       used 63905K, committed 64448K, reserved 1114112K
  class space    used 8514K, committed 8768K, reserved 1048576K
}
Event: 5.169 GC heap after
{Heap after GC invocations=24 (full 0):
 garbage-first heap   total 71680K, used 32079K [0x0000000744000000, 0x0000000800000000)
  region size 2048K, 1 young (2048K), 1 survivors (2048K)
 Metaspace       used 63905K, committed 64448K, reserved 1114112K
  class space    used 8514K, committed 8768K, reserved 1048576K
}
Event: 5.478 GC heap before
{Heap before GC invocations=24 (full 0):
 garbage-first heap   total 71680K, used 52559K [0x0000000744000000, 0x0000000800000000)
  region size 2048K, 12 young (24576K), 1 survivors (2048K)
 Metaspace       used 67605K, committed 68096K, reserved 1114112K
  class space    used 9056K, committed 9280K, reserved 1048576K
}
Event: 5.482 GC heap after
{Heap after GC invocations=25 (full 0):
 garbage-first heap   total 71680K, used 33498K [0x0000000744000000, 0x0000000800000000)
  region size 2048K, 2 young (4096K), 2 survivors (4096K)
 Metaspace       used 67605K, committed 68096K, reserved 1114112K
  class space    used 9056K, committed 9280K, reserved 1048576K
}
Event: 5.743 GC heap before
{Heap before GC invocations=26 (full 0):
 garbage-first heap   total 71680K, used 53978K [0x0000000744000000, 0x0000000800000000)
  region size 2048K, 12 young (24576K), 2 survivors (4096K)
 Metaspace       used 69719K, committed 70336K, reserved 1114112K
  class space    used 9427K, committed 9728K, reserved 1048576K
}

Dll operation events (9 events):
Event: 0.012 Loaded shared library C:\Documentos\Cibertec\2023-2\9. LENGUAJE DE PROGRAMACIÓN I\LPII\LPII\sts-4.20.0.RELEASE\plugins\org.eclipse.justj.openjdk.hotspot.jre.full.win32.x86_64_17.0.8.v20230831-1047\jre\bin\java.dll
Event: 0.179 Loaded shared library C:\Documentos\Cibertec\2023-2\9. LENGUAJE DE PROGRAMACIÓN I\LPII\LPII\sts-4.20.0.RELEASE\plugins\org.eclipse.justj.openjdk.hotspot.jre.full.win32.x86_64_17.0.8.v20230831-1047\jre\bin\jimage.dll
Event: 0.182 Loaded shared library C:\Documentos\Cibertec\2023-2\9. LENGUAJE DE PROGRAMACIÓN I\LPII\LPII\sts-4.20.0.RELEASE\plugins\org.eclipse.justj.openjdk.hotspot.jre.full.win32.x86_64_17.0.8.v20230831-1047\jre\bin\net.dll
Event: 0.184 Loaded shared library C:\Documentos\Cibertec\2023-2\9. LENGUAJE DE PROGRAMACIÓN I\LPII\LPII\sts-4.20.0.RELEASE\plugins\org.eclipse.justj.openjdk.hotspot.jre.full.win32.x86_64_17.0.8.v20230831-1047\jre\bin\nio.dll
Event: 0.207 Loaded shared library C:\Documentos\Cibertec\2023-2\9. LENGUAJE DE PROGRAMACIÓN I\LPII\LPII\sts-4.20.0.RELEASE\plugins\org.eclipse.justj.openjdk.hotspot.jre.full.win32.x86_64_17.0.8.v20230831-1047\jre\bin\zip.dll
Event: 0.272 Loaded shared library C:\Documentos\Cibertec\2023-2\9. LENGUAJE DE PROGRAMACIÓN I\LPII\LPII\sts-4.20.0.RELEASE\plugins\org.eclipse.justj.openjdk.hotspot.jre.full.win32.x86_64_17.0.8.v20230831-1047\jre\bin\management.dll
Event: 0.285 Loaded shared library C:\Documentos\Cibertec\2023-2\9. LENGUAJE DE PROGRAMACIÓN I\LPII\LPII\sts-4.20.0.RELEASE\plugins\org.eclipse.justj.openjdk.hotspot.jre.full.win32.x86_64_17.0.8.v20230831-1047\jre\bin\management_ext.dll
Event: 2.752 Loaded shared library C:\Documentos\Cibertec\2023-2\9. LENGUAJE DE PROGRAMACIÓN I\LPII\LPII\sts-4.20.0.RELEASE\plugins\org.eclipse.justj.openjdk.hotspot.jre.full.win32.x86_64_17.0.8.v20230831-1047\jre\bin\sunmscapi.dll
Event: 3.640 Loaded shared library C:\Documentos\Cibertec\2023-2\9. LENGUAJE DE PROGRAMACIÓN I\LPII\LPII\sts-4.20.0.RELEASE\plugins\org.eclipse.justj.openjdk.hotspot.jre.full.win32.x86_64_17.0.8.v20230831-1047\jre\bin\verify.dll

Deoptimization events (6 events):
Event: 1.188 Thread 0x0000025bb40d1660 DEOPT PACKING pc=0x0000025ba3fb6ef9 sp=0x000000a7843fcc60
Event: 1.188 Thread 0x0000025bb40d1660 DEOPT UNPACKING pc=0x0000025ba3acace3 sp=0x000000a7843fc140 mode 3
Event: 3.211 Thread 0x0000025bb40d1660 DEOPT PACKING pc=0x0000025ba4239da5 sp=0x000000a7843fbd20
Event: 3.211 Thread 0x0000025bb40d1660 DEOPT UNPACKING pc=0x0000025ba3acace3 sp=0x000000a7843fb288 mode 3
Event: 5.570 Thread 0x0000025bb40d1660 DEOPT PACKING pc=0x0000025ba3fd6ed4 sp=0x000000a7843fbe50
Event: 5.570 Thread 0x0000025bb40d1660 DEOPT UNPACKING pc=0x0000025ba3acace3 sp=0x000000a7843fb3a8 mode 0

Classes unloaded (0 events):
No events

Classes redefined (0 events):
No events

Internal exceptions (20 events):
Event: 5.264 Thread 0x0000025bb40d1660 Exception <a 'java/lang/NoSuchMethodError'{0x0000000747fa2c48}: 'java.lang.Object java.lang.invoke.DirectMethodHandle$Holder.newInvokeSpecial(java.lang.Object, java.lang.Object, java.lang.Object, java.lang.Object, java.lang.Object, int)'> (0x0000000747fa2c48) 
thrown [s\src\hotspot\share\interpreter\linkResolver.cpp, line 759]
Event: 5.264 Thread 0x0000025bb40d1660 Exception <a 'java/lang/NoSuchMethodError'{0x0000000747fa6d08}: 'java.lang.Object java.lang.invoke.Invokers$Holder.linkToTargetMethod(java.lang.Object, java.lang.Object, java.lang.Object, java.lang.Object, int, java.lang.Object)'> (0x0000000747fa6d08) 
thrown [s\src\hotspot\share\interpreter\linkResolver.cpp, line 759]
Event: 5.267 Thread 0x0000025bb40d1660 Exception <a 'java/lang/NoSuchMethodError'{0x0000000747fe88e8}: 'java.lang.Object java.lang.invoke.DirectMethodHandle$Holder.newInvokeSpecial(java.lang.Object, java.lang.Object, java.lang.Object, java.lang.Object, java.lang.Object, java.lang.Object, java.lang.Object, java.lang.Object, java.lang.Object, java.lang.Object, java.lang.Object)'> (0x0000000747fe88e8) 
thrown [s\src\hotspot\share\interpreter\linkResolver.cpp, line 759]
Event: 5.268 Thread 0x0000025bb40d1660 Exception <a 'java/lang/NoSuchMethodError'{0x0000000747fed7b0}: 'java.lang.Object java.lang.invoke.DirectMethodHandle$Holder.invokeSpecial(java.lang.Object, java.lang.Object, java.lang.Object, java.lang.Object, java.lang.Object, java.lang.Object, java.lang.Object, java.lang.Object, java.lang.Object, java.lang.Object, java.lang.Object, java.lang.Object)'> (0x0000000747fed7b0) 
thrown [s\src\hotspot\share\interpreter\linkResolver.cpp, line 759]
Event: 5.268 Thread 0x0000025bb40d1660 Exception <a 'java/lang/NoSuchMethodError'{0x0000000747ff1d50}: 'java.lang.Object java.lang.invoke.Invokers$Holder.linkToTargetMethod(java.lang.Object, java.lang.Object, java.lang.Object, java.lang.Object, java.lang.Object, java.lang.Object, java.lang.Object, java.lang.Object, java.lang.Object, java.lang.Object, java.lang.Object)'> (0x0000000747ff1d50) 
thrown [s\src\hotspot\share\interpreter\linkResolver.cpp, line 759]
Event: 5.298 Thread 0x0000025bb40d1660 Exception <a 'java/lang/NoSuchMethodError'{0x0000000747dbed58}: 'java.lang.Object java.lang.invoke.DirectMethodHandle$Holder.newInvokeSpecial(java.lang.Object, java.lang.Object, int, java.lang.Object, int, java.lang.Object, java.lang.Object)'> (0x0000000747dbed58) 
thrown [s\src\hotspot\share\interpreter\linkResolver.cpp, line 759]
Event: 5.302 Thread 0x0000025bb40d1660 Exception <a 'java/lang/NoSuchMethodError'{0x0000000747dfda78}: 'java.lang.Object java.lang.invoke.DirectMethodHandle$Holder.newInvokeSpecial(java.lang.Object, java.lang.Object, java.lang.Object, java.lang.Object, java.lang.Object, java.lang.Object, java.lang.Object, int)'> (0x0000000747dfda78) 
thrown [s\src\hotspot\share\interpreter\linkResolver.cpp, line 759]
Event: 5.302 Thread 0x0000025bb40d1660 Exception <a 'java/lang/NoSuchMethodError'{0x0000000747a02ab8}: 'java.lang.Object java.lang.invoke.DirectMethodHandle$Holder.invokeSpecial(java.lang.Object, java.lang.Object, java.lang.Object, java.lang.Object, java.lang.Object, java.lang.Object, java.lang.Object, java.lang.Object, int)'> (0x0000000747a02ab8) 
thrown [s\src\hotspot\share\interpreter\linkResolver.cpp, line 759]
Event: 5.321 Thread 0x0000025bb40d1660 Exception <a 'java/lang/IncompatibleClassChangeError'{0x0000000747b067d0}: Found class java.lang.Object, but interface was expected> (0x0000000747b067d0) 
thrown [s\src\hotspot\share\interpreter\linkResolver.cpp, line 826]
Event: 5.326 Thread 0x0000025bb40d1660 Exception <a 'java/lang/NoSuchMethodError'{0x0000000747b600e0}: 'void java.lang.invoke.DirectMethodHandle$Holder.invokeStatic(java.lang.Object, java.lang.Object, java.lang.Object, java.lang.Object, java.lang.Object, int, java.lang.Object)'> (0x0000000747b600e0) 
thrown [s\src\hotspot\share\interpreter\linkResolver.cpp, line 759]
Event: 5.344 Thread 0x0000025bb40d1660 Exception <a 'java/lang/NoSuchMethodError'{0x0000000747bec290}: 'void java.lang.invoke.DirectMethodHandle$Holder.invokeInterface(java.lang.Object, java.lang.Object)'> (0x0000000747bec290) 
thrown [s\src\hotspot\share\interpreter\linkResolver.cpp, line 759]
Event: 5.380 Thread 0x0000025bb40ce8d0 Exception <a 'java/lang/reflect/InvocationTargetException'{0x000000074766f260}> (0x000000074766f260) 
thrown [s\src\hotspot\share\runtime\reflection.cpp, line 1121]
Event: 5.436 Thread 0x0000025bb40d1660 Exception <a 'java/lang/IncompatibleClassChangeError'{0x00000007472b7a38}: Found class java.lang.Object, but interface was expected> (0x00000007472b7a38) 
thrown [s\src\hotspot\share\interpreter\linkResolver.cpp, line 826]
Event: 5.444 Thread 0x0000025bb40d1660 Exception <a 'java/lang/IncompatibleClassChangeError'{0x000000074733ab18}: Found class java.lang.Object, but interface was expected> (0x000000074733ab18) 
thrown [s\src\hotspot\share\interpreter\linkResolver.cpp, line 826]
Event: 5.466 Thread 0x0000025bb40d1660 Exception <a 'java/lang/IncompatibleClassChangeError'{0x0000000746eb1f78}: Found class java.lang.Object, but interface was expected> (0x0000000746eb1f78) 
thrown [s\src\hotspot\share\interpreter\linkResolver.cpp, line 826]
Event: 5.622 Thread 0x0000025bb40d1660 Exception <a 'java/lang/IncompatibleClassChangeError'{0x0000000747eefc10}: Found class java.lang.Object, but interface was expected> (0x0000000747eefc10) 
thrown [s\src\hotspot\share\interpreter\linkResolver.cpp, line 826]
Event: 5.677 Thread 0x0000025bb40d1660 Exception <a 'java/lang/reflect/InvocationTargetException'{0x0000000747986480}> (0x0000000747986480) 
thrown [s\src\hotspot\share\runtime\reflection.cpp, line 1121]
Event: 5.689 Thread 0x0000025bb40d1660 Exception <a 'java/lang/NoSuchMethodError'{0x00000007479eaad0}: 'int java.lang.invoke.DirectMethodHandle$Holder.invokeStatic(java.lang.Object, java.lang.Object, int)'> (0x00000007479eaad0) 
thrown [s\src\hotspot\share\interpreter\linkResolver.cpp, line 759]
Event: 5.694 Thread 0x0000025bb40d1660 Exception <a 'java/lang/NoSuchMethodError'{0x0000000747624a90}: 'java.lang.Object java.lang.invoke.Invokers$Holder.invoke_MT(java.lang.Object, java.lang.Object, java.lang.Object, java.lang.Object, java.lang.Object, java.lang.Object, java.lang.Object, java.lang.Object, java.lang.Object)'> (0x0000000747624a90) 
thrown [s\src\hotspot\share\interpreter\linkResolver.cpp, line 759]
Event: 5.697 Thread 0x0000025bb40d1660 Exception <a 'java/lang/IncompatibleClassChangeError'{0x0000000747651ee8}: Found class java.lang.Object, but interface was expected> (0x0000000747651ee8) 
thrown [s\src\hotspot\share\interpreter\linkResolver.cpp, line 826]

VM Operations (20 events):
Event: 5.247 Executing VM operation: HandshakeAllThreads done
Event: 5.311 Executing VM operation: HandshakeAllThreads
Event: 5.311 Executing VM operation: HandshakeAllThreads done
Event: 5.478 Executing VM operation: CollectForMetadataAllocation
Event: 5.482 Executing VM operation: CollectForMetadataAllocation done
Event: 5.488 Executing VM operation: CollectForMetadataAllocation
Event: 5.488 Executing VM operation: CollectForMetadataAllocation done
Event: 5.513 Executing VM operation: CollectForMetadataAllocation
Event: 5.513 Executing VM operation: CollectForMetadataAllocation done
Event: 5.527 Executing VM operation: G1PauseRemark
Event: 5.531 Executing VM operation: G1PauseRemark done
Event: 5.551 Executing VM operation: G1PauseCleanup
Event: 5.551 Executing VM operation: G1PauseCleanup done
Event: 5.569 Executing VM operation: HandshakeAllThreads
Event: 5.569 Executing VM operation: HandshakeAllThreads done
Event: 5.646 Executing VM operation: HandshakeAllThreads
Event: 5.647 Executing VM operation: HandshakeAllThreads done
Event: 5.647 Executing VM operation: HandshakeAllThreads
Event: 5.647 Executing VM operation: HandshakeAllThreads done
Event: 5.743 Executing VM operation: G1CollectForAllocation

Events (20 events):
Event: 5.626 loading class java/lang/Package$1PackageInfoProxy
Event: 5.626 loading class java/lang/Package$1PackageInfoProxy done
Event: 5.656 loading class java/util/stream/ReduceOps$5
Event: 5.656 loading class java/util/stream/ReduceOps$5 done
Event: 5.656 loading class java/util/stream/ReduceOps$CountingSink$OfRef
Event: 5.656 loading class java/util/stream/ReduceOps$CountingSink
Event: 5.656 loading class java/util/stream/ReduceOps$CountingSink done
Event: 5.656 loading class java/util/stream/ReduceOps$CountingSink$OfRef done
Event: 5.685 loading class java/lang/Character$UnicodeBlock
Event: 5.687 loading class java/lang/Character$Subset
Event: 5.687 loading class java/lang/Character$Subset done
Event: 5.687 loading class java/lang/Character$UnicodeBlock done
Event: 5.691 loading class java/util/regex/Pattern$Behind
Event: 5.691 loading class java/util/regex/Pattern$Behind done
Event: 5.695 loading class java/util/regex/Pattern$1
Event: 5.695 loading class java/util/regex/Pattern$1 done
Event: 5.715 loading class java/util/regex/Pattern$Bound
Event: 5.715 loading class java/util/regex/Pattern$Bound done
Event: 5.716 loading class java/util/regex/Pattern$GroupCurly
Event: 5.716 loading class java/util/regex/Pattern$GroupCurly done


Dynamic libraries:
0x00007ff7d4140000 - 0x00007ff7d414e000 	C:\Documentos\Cibertec\2023-2\9. LENGUAJE DE PROGRAMACIÓN I\LPII\LPII\sts-4.20.0.RELEASE\plugins\org.eclipse.justj.openjdk.hotspot.jre.full.win32.x86_64_17.0.8.v20230831-1047\jre\bin\javaw.exe
0x00007ffde6230000 - 0x00007ffde6447000 	C:\Windows\SYSTEM32\ntdll.dll
0x00007ffde4e30000 - 0x00007ffde4ef4000 	C:\Windows\System32\KERNEL32.DLL
0x00007ffde3750000 - 0x00007ffde3af6000 	C:\Windows\System32\KERNELBASE.dll
0x00007ffde3630000 - 0x00007ffde3741000 	C:\Windows\System32\ucrtbase.dll
0x00007ffddaba0000 - 0x00007ffddabb7000 	C:\Documentos\Cibertec\2023-2\9. LENGUAJE DE PROGRAMACIÓN I\LPII\LPII\sts-4.20.0.RELEASE\plugins\org.eclipse.justj.openjdk.hotspot.jre.full.win32.x86_64_17.0.8.v20230831-1047\jre\bin\jli.dll
0x00007ffde4f00000 - 0x00007ffde50ae000 	C:\Windows\System32\USER32.dll
0x00007ffde3b00000 - 0x00007ffde3b26000 	C:\Windows\System32\win32u.dll
0x00007ffde52a0000 - 0x00007ffde52c9000 	C:\Windows\System32\GDI32.dll
0x00007ffde3e70000 - 0x00007ffde3f88000 	C:\Windows\System32\gdi32full.dll
0x00007ffde3dd0000 - 0x00007ffde3e6a000 	C:\Windows\System32\msvcp_win.dll
0x00007ffdccf40000 - 0x00007ffdccf59000 	C:\Documentos\Cibertec\2023-2\9. LENGUAJE DE PROGRAMACIÓN I\LPII\LPII\sts-4.20.0.RELEASE\plugins\org.eclipse.justj.openjdk.hotspot.jre.full.win32.x86_64_17.0.8.v20230831-1047\jre\bin\VCRUNTIME140.dll
0x00007ffdd00b0000 - 0x00007ffdd0343000 	C:\Windows\WinSxS\amd64_microsoft.windows.common-controls_6595b64144ccf1df_6.0.22621.2361_none_2712ced57382f843\COMCTL32.dll
0x00007ffde4460000 - 0x00007ffde4507000 	C:\Windows\System32\msvcrt.dll
0x00007ffde4510000 - 0x00007ffde4541000 	C:\Windows\System32\IMM32.DLL
0x00007ffdde510000 - 0x00007ffdde51c000 	C:\Documentos\Cibertec\2023-2\9. LENGUAJE DE PROGRAMACIÓN I\LPII\LPII\sts-4.20.0.RELEASE\plugins\org.eclipse.justj.openjdk.hotspot.jre.full.win32.x86_64_17.0.8.v20230831-1047\jre\bin\vcruntime140_1.dll
0x00007ffdb9ea0000 - 0x00007ffdb9f31000 	C:\Documentos\Cibertec\2023-2\9. LENGUAJE DE PROGRAMACIÓN I\LPII\LPII\sts-4.20.0.RELEASE\plugins\org.eclipse.justj.openjdk.hotspot.jre.full.win32.x86_64_17.0.8.v20230831-1047\jre\bin\msvcp140.dll
0x00007ffd6fd60000 - 0x00007ffd709ac000 	C:\Documentos\Cibertec\2023-2\9. LENGUAJE DE PROGRAMACIÓN I\LPII\LPII\sts-4.20.0.RELEASE\plugins\org.eclipse.justj.openjdk.hotspot.jre.full.win32.x86_64_17.0.8.v20230831-1047\jre\bin\server\jvm.dll
0x00007ffde4d80000 - 0x00007ffde4e30000 	C:\Windows\System32\ADVAPI32.dll
0x00007ffde3f90000 - 0x00007ffde4036000 	C:\Windows\System32\sechost.dll
0x00007ffde41c0000 - 0x00007ffde42d7000 	C:\Windows\System32\RPCRT4.dll
0x00007ffde3480000 - 0x00007ffde34cd000 	C:\Windows\SYSTEM32\POWRPROF.dll
0x00007ffdc2980000 - 0x00007ffdc2989000 	C:\Windows\SYSTEM32\WSOCK32.dll
0x00007ffde4d00000 - 0x00007ffde4d71000 	C:\Windows\System32\WS2_32.dll
0x00007ffdda990000 - 0x00007ffdda9c4000 	C:\Windows\SYSTEM32\WINMM.dll
0x00007ffdd4700000 - 0x00007ffdd470a000 	C:\Windows\SYSTEM32\VERSION.dll
0x00007ffde3460000 - 0x00007ffde3473000 	C:\Windows\SYSTEM32\UMPDC.dll
0x00007ffde2550000 - 0x00007ffde2568000 	C:\Windows\SYSTEM32\kernel.appcore.dll
0x00007ffdde600000 - 0x00007ffdde60a000 	C:\Documentos\Cibertec\2023-2\9. LENGUAJE DE PROGRAMACIÓN I\LPII\LPII\sts-4.20.0.RELEASE\plugins\org.eclipse.justj.openjdk.hotspot.jre.full.win32.x86_64_17.0.8.v20230831-1047\jre\bin\jimage.dll
0x00007ffde0eb0000 - 0x00007ffde10de000 	C:\Windows\SYSTEM32\DBGHELP.DLL
0x00007ffde46f0000 - 0x00007ffde4a7a000 	C:\Windows\System32\combase.dll
0x00007ffde40d0000 - 0x00007ffde41a7000 	C:\Windows\System32\OLEAUT32.dll
0x00007ffdc51c0000 - 0x00007ffdc51f2000 	C:\Windows\SYSTEM32\dbgcore.DLL
0x00007ffde35b0000 - 0x00007ffde362a000 	C:\Windows\System32\bcryptPrimitives.dll
0x00007ffddbc60000 - 0x00007ffddbc85000 	C:\Documentos\Cibertec\2023-2\9. LENGUAJE DE PROGRAMACIÓN I\LPII\LPII\sts-4.20.0.RELEASE\plugins\org.eclipse.justj.openjdk.hotspot.jre.full.win32.x86_64_17.0.8.v20230831-1047\jre\bin\java.dll
0x00007ffddab50000 - 0x00007ffddab68000 	C:\Documentos\Cibertec\2023-2\9. LENGUAJE DE PROGRAMACIÓN I\LPII\LPII\sts-4.20.0.RELEASE\plugins\org.eclipse.justj.openjdk.hotspot.jre.full.win32.x86_64_17.0.8.v20230831-1047\jre\bin\zip.dll
0x00007ffde5980000 - 0x00007ffde61d8000 	C:\Windows\System32\SHELL32.dll
0x00007ffde14c0000 - 0x00007ffde1db2000 	C:\Windows\SYSTEM32\windows.storage.dll
0x00007ffde1380000 - 0x00007ffde14be000 	C:\Windows\SYSTEM32\wintypes.dll
0x00007ffde5880000 - 0x00007ffde5973000 	C:\Windows\System32\SHCORE.dll
0x00007ffde4ca0000 - 0x00007ffde4cfe000 	C:\Windows\System32\shlwapi.dll
0x00007ffde34e0000 - 0x00007ffde3506000 	C:\Windows\SYSTEM32\profapi.dll
0x00007ffdcd030000 - 0x00007ffdcd049000 	C:\Documentos\Cibertec\2023-2\9. LENGUAJE DE PROGRAMACIÓN I\LPII\LPII\sts-4.20.0.RELEASE\plugins\org.eclipse.justj.openjdk.hotspot.jre.full.win32.x86_64_17.0.8.v20230831-1047\jre\bin\net.dll
0x00007ffdd9f40000 - 0x00007ffdda077000 	C:\Windows\SYSTEM32\WINHTTP.dll
0x00007ffde2a20000 - 0x00007ffde2a89000 	C:\Windows\system32\mswsock.dll
0x00007ffdcd010000 - 0x00007ffdcd025000 	C:\Documentos\Cibertec\2023-2\9. LENGUAJE DE PROGRAMACIÓN I\LPII\LPII\sts-4.20.0.RELEASE\plugins\org.eclipse.justj.openjdk.hotspot.jre.full.win32.x86_64_17.0.8.v20230831-1047\jre\bin\nio.dll
0x00007ffdde4e0000 - 0x00007ffdde4e9000 	C:\Documentos\Cibertec\2023-2\9. LENGUAJE DE PROGRAMACIÓN I\LPII\LPII\sts-4.20.0.RELEASE\plugins\org.eclipse.justj.openjdk.hotspot.jre.full.win32.x86_64_17.0.8.v20230831-1047\jre\bin\management.dll
0x00007ffddd520000 - 0x00007ffddd52b000 	C:\Documentos\Cibertec\2023-2\9. LENGUAJE DE PROGRAMACIÓN I\LPII\LPII\sts-4.20.0.RELEASE\plugins\org.eclipse.justj.openjdk.hotspot.jre.full.win32.x86_64_17.0.8.v20230831-1047\jre\bin\management_ext.dll
0x00007ffde41b0000 - 0x00007ffde41b8000 	C:\Windows\System32\PSAPI.DLL
0x00007ffdbfe30000 - 0x00007ffdbfe47000 	C:\Windows\system32\napinsp.dll
0x00007ffdbfde0000 - 0x00007ffdbfdfb000 	C:\Windows\system32\pnrpnsp.dll
0x00007ffde2090000 - 0x00007ffde2189000 	C:\Windows\SYSTEM32\DNSAPI.dll
0x00007ffde2060000 - 0x00007ffde208d000 	C:\Windows\SYSTEM32\IPHLPAPI.DLL
0x00007ffde4a80000 - 0x00007ffde4a89000 	C:\Windows\System32\NSI.dll
0x00007ffdbfb90000 - 0x00007ffdbfba1000 	C:\Windows\System32\winrnr.dll
0x00007ffdd9d30000 - 0x00007ffdd9d45000 	C:\Windows\system32\wshbth.dll
0x00007ffdbfb60000 - 0x00007ffdbfb81000 	C:\Windows\system32\nlansp_c.dll
0x00007ffdd4180000 - 0x00007ffdd418a000 	C:\Windows\System32\rasadhlp.dll
0x00007ffdd4c20000 - 0x00007ffdd4ca4000 	C:\Windows\System32\fwpuclnt.dll
0x00007ffde2d40000 - 0x00007ffde2d5b000 	C:\Windows\SYSTEM32\CRYPTSP.dll
0x00007ffde2510000 - 0x00007ffde2545000 	C:\Windows\system32\rsaenh.dll
0x00007ffde2ac0000 - 0x00007ffde2aec000 	C:\Windows\SYSTEM32\USERENV.dll
0x00007ffde2e60000 - 0x00007ffde2e88000 	C:\Windows\SYSTEM32\bcrypt.dll
0x00007ffde2d20000 - 0x00007ffde2d2c000 	C:\Windows\SYSTEM32\CRYPTBASE.dll
0x00007ffdd9eb0000 - 0x00007ffdd9ec9000 	C:\Windows\SYSTEM32\dhcpcsvc6.DLL
0x00007ffdd9e90000 - 0x00007ffdd9eaf000 	C:\Windows\SYSTEM32\dhcpcsvc.DLL
0x00007ffdde5b0000 - 0x00007ffdde5be000 	C:\Documentos\Cibertec\2023-2\9. LENGUAJE DE PROGRAMACIÓN I\LPII\LPII\sts-4.20.0.RELEASE\plugins\org.eclipse.justj.openjdk.hotspot.jre.full.win32.x86_64_17.0.8.v20230831-1047\jre\bin\sunmscapi.dll
0x00007ffde3bf0000 - 0x00007ffde3d56000 	C:\Windows\System32\CRYPT32.dll
0x00007ffde2e30000 - 0x00007ffde2e5d000 	C:\Windows\SYSTEM32\ncrypt.dll
0x00007ffde2df0000 - 0x00007ffde2e27000 	C:\Windows\SYSTEM32\NTASN1.dll
0x00007ffdde5d0000 - 0x00007ffdde5e0000 	C:\Documentos\Cibertec\2023-2\9. LENGUAJE DE PROGRAMACIÓN I\LPII\LPII\sts-4.20.0.RELEASE\plugins\org.eclipse.justj.openjdk.hotspot.jre.full.win32.x86_64_17.0.8.v20230831-1047\jre\bin\verify.dll

dbghelp: loaded successfully - version: 4.0.5 - missing functions: none
symbol engine: initialized successfully - sym options: 0x614 - pdb path: .;C:\Documentos\Cibertec\2023-2\9. LENGUAJE DE PROGRAMACIÓN I\LPII\LPII\sts-4.20.0.RELEASE\plugins\org.eclipse.justj.openjdk.hotspot.jre.full.win32.x86_64_17.0.8.v20230831-1047\jre\bin;C:\Windows\SYSTEM32;C:\Windows\WinSxS\amd64_microsoft.windows.common-controls_6595b64144ccf1df_6.0.22621.2361_none_2712ced57382f843;C:\Documentos\Cibertec\2023-2\9. LENGUAJE DE PROGRAMACIÓN I\LPII\LPII\sts-4.20.0.RELEASE\plugins\org.eclipse.justj.openjdk.hotspot.jre.full.win32.x86_64_17.0.8.v20230831-1047\jre\bin\server

VM Arguments:
jvm_args: -Dcom.sun.management.jmxremote -Dcom.sun.management.jmxremote.port=51253 -Dcom.sun.management.jmxremote.authenticate=false -Dcom.sun.management.jmxremote.ssl=false -Djava.rmi.server.hostname=localhost -Dspring.jmx.enabled=true -Dmanagement.endpoints.jmx.exposure.include=* -Dspring.application.admin.enabled=true -XX:TieredStopAtLevel=1 -Dspring.boot.project.name=lp2_20232_sabado_T4RN_grupo_01 -Dfile.encoding=UTF-8 -Dstdout.encoding=UTF-8 -Dstderr.encoding=UTF-8 -XX:+ShowCodeDetailsInExceptionMessages 
java_command: com.centroinformacion.ProyectoDawiApplication --spring.output.ansi.enabled=always
java_class_path (initial): C:\Users\User\git\lp2_20232_sabado_T4RN_grupo_01\target\classes;C:\Users\User\.m2\repository\org\springframework\boot\spring-boot-starter-data-jpa\3.1.3\spring-boot-starter-data-jpa-3.1.3.jar;C:\Users\User\.m2\repository\org\springframework\boot\spring-boot-starter-aop\3.1.3\spring-boot-starter-aop-3.1.3.jar;C:\Users\User\.m2\repository\org\springframework\spring-aop\6.0.11\spring-aop-6.0.11.jar;C:\Users\User\.m2\repository\org\aspectj\aspectjweaver\1.9.20\aspectjweaver-1.9.20.jar;C:\Users\User\.m2\repository\org\springframework\boot\spring-boot-starter-jdbc\3.1.3\spring-boot-starter-jdbc-3.1.3.jar;C:\Users\User\.m2\repository\com\zaxxer\HikariCP\5.0.1\HikariCP-5.0.1.jar;C:\Users\User\.m2\repository\org\springframework\spring-jdbc\6.0.11\spring-jdbc-6.0.11.jar;C:\Users\User\.m2\repository\org\hibernate\orm\hibernate-core\6.2.7.Final\hibernate-core-6.2.7.Final.jar;C:\Users\User\.m2\repository\jakarta\persistence\jakarta.persistence-api\3.1.0\jakarta.persistence-api-3.1.0.jar;C:\Users\User\.m2\repository\jakarta\transaction\jakarta.transaction-api\2.0.1\jakarta.transaction-api-2.0.1.jar;C:\Users\User\.m2\repository\org\jboss\logging\jboss-logging\3.5.3.Final\jboss-logging-3.5.3.Final.jar;C:\Users\User\.m2\repository\org\hibernate\common\hibernate-commons-annotations\6.0.6.Final\hibernate-commons-annotations-6.0.6.Final.jar;C:\Users\User\.m2\repository\io\smallrye\jandex\3.0.5\jandex-3.0.5.jar;C:\Users\User\.m2\repository\com\fasterxml\classmate\1.5.1\classmate-1.5.1.jar;C:\Users\User\.m2\repository\net\bytebuddy\byte-buddy\1.14.6\byte-buddy-1.14.6.jar;C:\Users\User\.m2\repository\org\glassfish\jaxb\jaxb-runtime\4.0.3\jaxb-runtime-4.0.3.jar;C:\Users\User\.m2\repository\org\glassfish\jaxb\jaxb-core\4.0.3\jaxb-core-4.0.3.jar;C:\Users\User\.m2\repository\org\eclipse\angus\angus-activation\2.0.1\angus-activation-2.0.1.jar;C:\Users\User\.m2\repository\org\glassfish\jaxb\txw2\4.0.3\txw2-4.0.3.jar;C:\Users\User\.m2\repository\com\sun\istack\istack
Launcher Type: SUN_STANDARD

[Global flags]
     intx CICompilerCount                          = 3                                         {product} {ergonomic}
     uint ConcGCThreads                            = 1                                         {product} {ergonomic}
     uint G1ConcRefinementThreads                  = 4                                         {product} {ergonomic}
   size_t G1HeapRegionSize                         = 2097152                                   {product} {ergonomic}
    uintx GCDrainStackTargetSize                   = 64                                        {product} {ergonomic}
   size_t InitialHeapSize                          = 197132288                                 {product} {ergonomic}
     bool ManagementServer                         = true                                      {product} {command line}
   size_t MarkStackSize                            = 4194304                                   {product} {ergonomic}
   size_t MaxHeapSize                              = 3154116608                                {product} {ergonomic}
   size_t MaxNewSize                               = 1891631104                                {product} {ergonomic}
   size_t MinHeapDeltaBytes                        = 2097152                                   {product} {ergonomic}
   size_t MinHeapSize                              = 8388608                                   {product} {ergonomic}
    uintx NonProfiledCodeHeapSize                  = 0                                      {pd product} {ergonomic}
     bool ProfileInterpreter                       = false                                  {pd product} {command line}
    uintx ProfiledCodeHeapSize                     = 0                                      {pd product} {ergonomic}
     bool ShowCodeDetailsInExceptionMessages       = true                                   {manageable} {command line}
   size_t SoftMaxHeapSize                          = 3154116608                             {manageable} {ergonomic}
     intx TieredStopAtLevel                        = 1                                         {product} {command line}
     bool UseCompressedClassPointers               = true                           {product lp64_product} {ergonomic}
     bool UseCompressedOops                        = true                           {product lp64_product} {ergonomic}
     bool UseG1GC                                  = true                                      {product} {ergonomic}
     bool UseLargePagesIndividualAllocation        = false                                  {pd product} {ergonomic}

Logging:
Log output configuration:
 #0: stdout all=warning uptime,level,tags
 #1: stderr all=off uptime,level,tags

Environment Variables:
JAVA_HOME=C:\Program Files\Eclipse Adoptium\jdk-17.0.8.7-hotspot\
PATH=C:/Documentos/Cibertec/2023-2/9. LENGUAJE DE PROGRAMACIÓN I/LPII/LPII/sts-4.20.0.RELEASE//plugins/org.eclipse.justj.openjdk.hotspot.jre.full.win32.x86_64_17.0.8.v20230831-1047/jre/bin/server;C:/Documentos/Cibertec/2023-2/9. LENGUAJE DE PROGRAMACIÓN I/LPII/LPII/sts-4.20.0.RELEASE//plugins/org.eclipse.justj.openjdk.hotspot.jre.full.win32.x86_64_17.0.8.v20230831-1047/jre/bin;C:\Program Files\Eclipse Adoptium\jdk-17.0.8.7-hotspot\bin;C:\Program Files (x86)\Common Files\Oracle\Java\javapath;C:\Windows\system32;C:\Windows;C:\Windows\System32\Wbem;C:\Windows\System32\WindowsPowerShell\v1.0\;C:\Windows\System32\OpenSSH\;C:\Program Files\Git\cmd;C:\Program Files\Microsoft SQL Server\150\Tools\Binn\;C:\Program Files\Microsoft SQL Server\Client SDK\ODBC\170\Tools\Binn\;C:\Program Files\dotnet\;C:\Users\User\AppData\Local\Microsoft\WindowsApps;C:\Users\User\.dotnet\tools;C:\Documentos\Cibertec\2023-2\9. LENGUAJE DE PROGRAMACIÓN I\LPII\LPII\sts-4.20.0.RELEASE;
USERNAME=User
OS=Windows_NT
PROCESSOR_IDENTIFIER=Intel64 Family 6 Model 126 Stepping 5, GenuineIntel
TMP=C:\Users\User\AppData\Local\Temp
TEMP=C:\Users\User\AppData\Local\Temp



---------------  S Y S T E M  ---------------

OS:
 Windows 11 , 64 bit Build 22621 (10.0.22621.2361)
OS uptime: 0 days 2:13 hours
Hyper-V role detected

CPU: total 4 (initial active 4) (2 cores per cpu, 2 threads per core) family 6 model 126 stepping 5 microcode 0x86, cx8, cmov, fxsr, ht, mmx, 3dnowpref, sse, sse2, sse3, ssse3, sse4.1, sse4.2, popcnt, lzcnt, tsc, tscinvbit, avx, avx2, aes, erms, clmul, bmi1, bmi2, adx, avx512f, avx512dq, avx512cd, avx512bw, avx512vl, sha, fma, vzeroupper, avx512_vpopcntdq, avx512_vpclmulqdq, avx512_vaes, avx512_vnni, clflush, clflushopt, avx512_vbmi2, avx512_vbmi, hv
Processor Information for all 4 processors :
  Max Mhz: 1190, Current Mhz: 1190, Mhz Limit: 1190

Memory: 4k page, system-wide physical 12030M (5324M free)
TotalPageFile size 14590M (AvailPageFile size 6701M)
current process WorkingSet (physical memory assigned to process): 219M, peak: 219M
current process commit charge ("private bytes"): 242M, peak: 286M

vm_info: OpenJDK 64-Bit Server VM (17.0.8.1+1) for windows-amd64 JRE (17.0.8.1+1), built on Aug 23 2023 15:29:17 by "admin" with MS VC++ 16.7 (VS2019)

END.
